[2015.09.24-03.49.57:522][  0]Log file open, 09/24/15 15:49:57
[2015.09.24-03.49.57:522][  0]LogInit:Display: Running engine for game: Video360
[2015.09.24-03.49.57:522][  0]LogInit:Display: RandInit(-566667988) SRandInit(-566667987).
[2015.09.24-03.49.57:522][  0]LogTaskGraph: Started task graph with 4 named threads and 7 total threads.
[2015.09.24-03.49.57:522][  0]LogStats: Stats thread started at 0.072156
[2015.09.24-03.49.57:522][  0]LogInit: Version: 4.9.1-2689999+++depot+UE4-Releases+4.9
[2015.09.24-03.49.57:522][  0]LogInit: API Version: 2672455
[2015.09.24-03.49.57:522][  0]LogInit: Compiled (64-bit): Sep 14 2015 04:12:03
[2015.09.24-03.49.57:522][  0]LogInit: Compiled with Visual C++: 18.00.21005.01
[2015.09.24-03.49.57:522][  0]LogInit: Build Configuration: Development
[2015.09.24-03.49.57:522][  0]LogInit: Branch Name: ++depot+UE4-Releases+4.9
[2015.09.24-03.49.57:522][  0]LogInit: Command line: 
[2015.09.24-03.49.57:522][  0]LogInit: Base directory: C:/Program Files/Epic Games/4.9/Engine/Binaries/Win64/
[2015.09.24-03.49.57:522][  0]LogInit: Rocket: 1
[2015.09.24-03.49.57:530][  0]LogInit: Using libcurl 7.41.0
[2015.09.24-03.49.57:530][  0]LogInit:  - built for x86_64-pc-win32
[2015.09.24-03.49.57:530][  0]LogInit:  - supports SSL with WinSSL
[2015.09.24-03.49.57:530][  0]LogInit:  - other features:
[2015.09.24-03.49.57:530][  0]LogInit:      CURL_VERSION_SSL
[2015.09.24-03.49.57:530][  0]LogInit:      CURL_VERSION_IPV6
[2015.09.24-03.49.57:530][  0]LogInit:      CURL_VERSION_ASYNCHDNS
[2015.09.24-03.49.57:530][  0]LogInit:      CURL_VERSION_LARGEFILE
[2015.09.24-03.49.57:530][  0]LogInit:      CURL_VERSION_IDN
[2015.09.24-03.49.57:530][  0]LogInit:  CurlRequestOptions (configurable via config and command line):
[2015.09.24-03.49.57:530][  0]LogInit:  - bVerifyPeer = true  - Libcurl will verify peer certificate
[2015.09.24-03.49.57:530][  0]LogInit:  - bUseHttpProxy = false  - Libcurl will NOT use HTTP proxy
[2015.09.24-03.49.57:530][  0]LogInit:  - bDontReuseConnections = false  - Libcurl will reuse connections
[2015.09.24-03.49.57:530][  0]LogInit:  - CertBundlePath = nullptr  - Libcurl will use whatever was configured at build time.
[2015.09.24-03.49.57:536][  0]LogInit: Presizing for 0 objects not considered by GC, pre-allocating 0 bytes.
[2015.09.24-03.49.57:543][  0]LogInit: Object subsystem initialized
[2015.09.24-03.49.57:545][  0]LogInit: Selected Device Profile: [Windows]
[2015.09.24-03.49.57:545][  0]LogInit: Applying CVar settings loaded from the selected device profile: [Windows]
[2015.09.24-03.49.57:560][  0]LogInit: Computer: HILLSIDE
[2015.09.24-03.49.57:560][  0]LogInit: User: sumnerryan
[2015.09.24-03.49.57:560][  0]LogInit: CPU Page size=4096, Cores=4
[2015.09.24-03.49.57:560][  0]LogInit: High frequency timer resolution =3.410126 MHz
[2015.09.24-03.49.57:560][  0]LogMemory: Memory total: Physical=7.9GB (8GB approx)
[2015.09.24-03.49.57:560][  0]LogMemory: Platform Memory Stats for Windows
[2015.09.24-03.49.57:560][  0]LogMemory: Process Physical Memory: 55.65 MB used, 55.65 MB peak
[2015.09.24-03.49.57:560][  0]LogMemory: Process Virtual Memory: 60.18 MB used, 60.18 MB peak
[2015.09.24-03.49.57:560][  0]LogMemory: Physical Memory: 7258.89 MB used, 8116.40 MB total
[2015.09.24-03.49.57:560][  0]LogMemory: Virtual Memory: 340.91 MB used, 8388608.00 MB total
[2015.09.24-03.49.57:595][  0]LogTextLocalizationManager: No specific translations for ('en-AU') exist, so ('en') translations will be used.
[2015.09.24-03.49.58:234][  0]LogD3D11RHI: Found D3D11 adapter 0: NVIDIA GeForce GTX 970 (Feature Level 11_0)
[2015.09.24-03.49.58:234][  0]LogD3D11RHI: Adapter has 4010MB of dedicated video memory, 0MB of dedicated system memory, and 3802MB of shared system memory, 1 output[s]
[2015.09.24-03.49.58:234][  0]LogD3D11RHI: Chosen D3D11 Adapter Id = 0
[2015.09.24-03.49.58:239][  0]LogD3D11RHI: !Direct3DDevice
[2015.09.24-03.49.58:239][  0]LogRHI: Texture pool is 1361 MB (70% of 1945 MB)
[2015.09.24-03.49.58:246][  0]LogD3D11RHI: Async texture creation enabled
[2015.09.24-03.49.58:259][  0]LogShaderCompilers: Guid format shader working directory is 14 characters bigger than the processId version (../../../../../../Users/sumnerryan/Documents/Unreal Projects/Video360/Intermediate/Shaders/WorkingDirectory/11212/).
[2015.09.24-03.49.58:259][  0]LogShaderCompilers: Cleaned the shader compiler working directory '../../../../../../Users/sumnerryan/Documents/Unreal Projects/Video360/Intermediate/Shaders/tmp/03BC1F8C4AA0313F52087FA2F657A34F/'.
[2015.09.24-03.49.58:259][  0]LogShaderCompilers:Display: Using Local Shader Compiler.
[2015.09.24-03.49.59:928][  0]LogTemp:Display: Loaded TP AllDesktopTargetPlatform
[2015.09.24-03.49.59:933][  0]LogTemp:Display: Loaded TP WindowsClientTargetPlatform
[2015.09.24-03.49.59:939][  0]LogTemp:Display: Loaded TP WindowsNoEditorTargetPlatform
[2015.09.24-03.49.59:945][  0]LogTemp:Display: Loaded TP WindowsServerTargetPlatform
[2015.09.24-03.49.59:949][  0]LogTemp:Display: Loaded TP WindowsTargetPlatform
[2015.09.24-03.49.59:953][  0]LogTemp:Display: Loaded TP AndroidTargetPlatform
[2015.09.24-03.49.59:958][  0]LogTemp:Display: Loaded TP Android_ASTCTargetPlatform
[2015.09.24-03.49.59:962][  0]LogTemp:Display: Loaded TP Android_ATCTargetPlatform
[2015.09.24-03.49.59:966][  0]LogTemp:Display: Loaded TP Android_DXTTargetPlatform
[2015.09.24-03.49.59:970][  0]LogTemp:Display: Loaded TP Android_ETC1TargetPlatform
[2015.09.24-03.49.59:974][  0]LogTemp:Display: Loaded TP Android_ETC2TargetPlatform
[2015.09.24-03.49.59:979][  0]LogTemp:Display: Loaded TP Android_PVRTCTargetPlatform
[2015.09.24-03.49.59:979][  0]LogTemp:Display: Loaded TP HTML5TargetPlatform
[2015.09.24-03.49.59:996][  0]LogTemp:Display: Loaded TP IOSTargetPlatform
[2015.09.24-03.50.00:000][  0]LogTemp:Display: Loaded TP LinuxNoEditorTargetPlatform
[2015.09.24-03.50.00:004][  0]LogTemp:Display: Loaded TP LinuxServerTargetPlatform
[2015.09.24-03.50.00:008][  0]LogTemp:Display: Loaded TP LinuxTargetPlatform
[2015.09.24-03.50.00:008][  0]LogTargetPlatformManager:Display: Building Assets For Windows
[2015.09.24-03.50.00:080][  0]LogDerivedDataCache:Display: Max Cache Size: 512 MB
[2015.09.24-03.50.00:125][  0]LogDerivedDataCache: Loaded boot cache 0.05s 41MB C:/Users/sumnerryan/AppData/Local/UnrealEngine/4.9/DerivedDataCache/Boot.ddc.
[2015.09.24-03.50.00:125][  0]LogDerivedDataCache:Display: Loaded Boot cache: C:/Users/sumnerryan/AppData/Local/UnrealEngine/4.9/DerivedDataCache/Boot.ddc
[2015.09.24-03.50.00:125][  0]LogDerivedDataCache: FDerivedDataBackendGraph:  Pak pak cache file ../../../../../../Users/sumnerryan/Documents/Unreal Projects/Video360/DerivedDataCache/DDC.ddp not found, will not use a pak cache.
[2015.09.24-03.50.00:125][  0]LogDerivedDataCache: Unable to find inner node Pak for hierarchical cache Hierarchy.
[2015.09.24-03.50.00:125][  0]LogDerivedDataCache: FDerivedDataBackendGraph:  CompressedPak pak cache file ../../../../../../Users/sumnerryan/Documents/Unreal Projects/Video360/DerivedDataCache/Compressed.ddp not found, will not use a pak cache.
[2015.09.24-03.50.00:125][  0]LogDerivedDataCache: Unable to find inner node CompressedPak for hierarchical cache Hierarchy.
[2015.09.24-03.50.00:247][  0]LogDerivedDataCache:Display: Pak cache opened for reading ../../../Engine/DerivedDataCache/Compressed.ddp.
[2015.09.24-03.50.00:258][  0]LogDerivedDataCache: Using Local data cache path C:/Users/sumnerryan/AppData/Local/UnrealEngine/Common/DerivedDataCache: Writable
[2015.09.24-03.50.00:404][  0]LogInit: Selected Device Profile: [Windows]
[2015.09.24-03.50.00:405][  0]LogContentStreaming: Texture pool size is 0.000000MB
[2015.09.24-03.50.00:425][  0]LogMeshUtilities: No automatic mesh reduction module available
[2015.09.24-03.50.00:425][  0]LogMeshUtilities: No automatic mesh merging module available
[2015.09.24-03.50.00:776][  0]LogInit: WinSock: version 1.1 (2.2), MaxSocks=32767, MaxUdp=65467
[2015.09.24-03.50.01:496][  0]UdpMessaging: Initializing bridge on interface 0.0.0.0:0 to multicast group 230.0.0.1:6666.
[2015.09.24-03.50.01:583][  0]LogAssetRegistry: FAssetRegistry took 0.0099 seconds to start up
[2015.09.24-03.50.01:725][  0]SourceControl: Info Source control is disabled
[2015.09.24-03.50.01:742][  0]SourceControl: Info Source control is disabled
[2015.09.24-03.50.01:751][  0]SourceControl: Info Source control is disabled
[2015.09.24-03.50.01:759][  0]SourceControl: Info Source control is disabled
[2015.09.24-03.50.01:873][  0]LogLinker:Warning: Asset '../../../Engine/Plugins/Runtime/LeapMotionController/Content/LM_PassthroughMaterial.uasset' has been saved with empty engine version. The asset will be loaded but may be incompatible.
[2015.09.24-03.50.01:936][  0]LogObj: 28361 objects as part of root set at end of initial load.
[2015.09.24-03.50.01:936][  0]LogUObjectAllocator: 6038864 out of 0 bytes used by permanent object pool.
[2015.09.24-03.50.01:985][  0]LogEngine: Initializing Engine...
[2015.09.24-03.50.01:989][  0]LogHMD: Can't find Oculus library dev build: is proper Runtime installed? Version: 0.7.0.0
[2015.09.24-03.50.01:989][  0]LogHMD: SteamVR failed to initialize.  Err: 110
[2015.09.24-03.50.02:106][  0]LogAIModule: Creating AISystem for world NewWorld
[2015.09.24-03.50.02:109][  0]LogInit: XAudio2 using 'Speakers / Headphones (Realtek High Definition Audio)' : 2 channels at 48 kHz using 32 bits per sample (channel mask 0x3)
[2015.09.24-03.50.02:180][  0]LogInit: FAudioDevice initialized.
[2015.09.24-03.50.02:199][  0]LogDerivedDataCache: Saved boot cache 0.02s 41MB C:/Users/sumnerryan/AppData/Local/UnrealEngine/4.9/DerivedDataCache/Boot.ddc.
[2015.09.24-03.50.02:202][  0]LogInit: Texture streaming: Enabled
[2015.09.24-03.50.02:207][  0]LogAnalytics: Creating configured Analytics provider AnalyticsET
[2015.09.24-03.50.02:207][  0]LogAnalytics: [UEEditor.Rocket.Release] APIServer = http://et2.epicgames.com/ET2/. AppVersion = 4.9.1-2689999+++depot+UE4-Releases+4.9
[2015.09.24-03.50.02:207][  0]LogAnalytics: [UEEditor.Rocket.Release] SetUserId d597e1e448e51e981951a989bac7411c|ea4d3b82cb2841f096c76f0bbd67bf65|f56962da-8395-446c-bae5-16ad6aef7053
[2015.09.24-03.50.02:207][  0]LogAnalytics: [UEEditor.Rocket.Release] AnalyticsET::StartSession
[2015.09.24-03.50.02:226][  0]LogInit: Transaction tracking system initialized
[2015.09.24-03.50.02:249][  0]BlueprintLog: New page: Editor Load
[2015.09.24-03.50.02:790][  0]LocalizationService: Info Localization service is disabled
[2015.09.24-03.50.02:847][  0]LogConsoleResponse:Display: 
[2015.09.24-03.50.07:050][  0]LogFileCache: Scanning file cache for directory 'C:/Users/sumnerryan/Documents/Unreal Projects/Video360/Content/' took 0.01s
[2015.09.24-03.50.07:050][  0]LogCook:Display: Done creating registry. It took  0.00s.
[2015.09.24-03.50.07:098][  0]SourceControl: Info Source control is disabled
[2015.09.24-03.50.07:098][  0]Cmd: MAP LOAD FILE="../../../../../../Users/sumnerryan/Documents/Unreal Projects/Video360/Content/StarterContent/Maps/Minimal_Default.umap" TEMPLATE=0 SHOWPROGRESS=1 FEATURELEVEL=3
[2015.09.24-03.50.07:243][  0]LightingResults: New page: Lighting Build
[2015.09.24-03.50.07:245][  0]MapCheck: New page: Map Check
[2015.09.24-03.50.07:245][  0]LightingResults: New page: Lighting Build
[2015.09.24-03.50.07:255][  0]LogParticles: Destroying 0 GPU particle simulations for FXSystem 0x000000002036A160
[2015.09.24-03.50.08:939][  0]LogAIModule: Creating AISystem for world Minimal_Default
[2015.09.24-03.50.09:020][  0]LogEditorServer: Finished looking for orphan Actors (0.000 secs)
[2015.09.24-03.50.10:702][  0]Cmd: MAP CHECKDEP NOCLEARLOG
[2015.09.24-03.50.10:741][  0]MapCheck: Info Map check complete: 0 Error(s), 0 Warning(s), took 39.277ms to complete.
[2015.09.24-03.50.10:741][  0]LogFileHelpers: Loading map 'Minimal_Default' took 3.643
[2015.09.24-03.50.12:570][  0]LogCollectionManager: Loaded 0 collections in 0.001695 seconds
[2015.09.24-03.50.12:829][  0]LogFileCache: Scanning file cache for directory 'C:/Users/sumnerryan/Documents/Unreal Projects/Video360/Saved/Collections/' took 0.01s
[2015.09.24-03.50.12:829][  0]LogFileCache: Scanning file cache for directory 'C:/Users/sumnerryan/Documents/Unreal Projects/Video360/Content/Developers/sumnerryan/Collections/' took 0.01s
[2015.09.24-03.50.12:829][  0]LogFileCache: Scanning file cache for directory 'C:/Users/sumnerryan/Documents/Unreal Projects/Video360/Content/Collections/' took 0.01s
[2015.09.24-03.50.12:829][  0]LogContentBrowser: Native class hierarchy populated in 0.0613 seconds. Added 1867 classes and 333 folders.
[2015.09.24-03.50.12:865][  0]LogCollectionManager: Rebuilt the GUID cache for 0 collections in 0.000002 seconds
[2015.09.24-03.50.12:939][  0]LogContentBrowser: Native class hierarchy updated for 'WidgetCarousel' in 0.0003 seconds. Added 0 classes and 0 folders.
[2015.09.24-03.50.14:304][  0]LogContentBrowser: Native class hierarchy updated for 'AddContentDialog' in 0.0003 seconds. Added 0 classes and 0 folders.
[2015.09.24-03.50.14:352][  0]LogContentBrowser: Native class hierarchy updated for 'SceneOutliner' in 0.0003 seconds. Added 1 classes and 2 folders.
[2015.09.24-03.50.14:744][  0]LogCrashTracker: Crashtracker disabled due to settings.
[2015.09.24-03.50.14:891][  0]LogUObjectGlobals:Warning: Failed to find object 'Class None.'
[2015.09.24-03.50.14:941][  0]LogLoad: Full Startup: 18.21 seconds (BP compile: 0.01 seconds)
[2015.09.24-03.50.16:356][  0]LogContentStreaming: Texture pool size now 1000 MB
[2015.09.24-03.50.17:879][  0]LogRenderer: Reallocating scene render targets to support 1208x660 (Frame:2).
[2015.09.24-03.50.19:100][  2]LogAssetRegistry: Asset discovery search completed in 17.5258 seconds
[2015.09.24-03.50.19:100][  2]LogCollectionManager: Rebuilt the object cache for 0 collections in 0.000001 seconds (found 0 objects)
[2015.09.24-03.50.19:100][  2]LogCollectionManager: Fixed up redirectors for 0 collections in 0.000018 seconds (updated 0 objects)
[2015.09.24-03.50.27:102][872]LogMaterial: Missing cached shader map for material 360_Labs_2014_Cinematic_VR_Video_Reel_720p192K_Tex_Mat, compiling. 
[2015.09.24-03.50.27:467][872]LogMaterial: Missing cached shader map for material 360_Labs_2014_Cinematic_VR_Video_Reel_720p192K_Tex_Mat, compiling. 
[2015.09.24-03.50.27:480][872]LogMaterial: 0.000030 seconds spent updating 1 materials, 1 interfaces, 0 instances, 0 with static permutations.
[2015.09.24-03.50.27:572][872]LogMaterial: Missing cached shader map for material FMatExpressionPreview MaterialExpressionTextureSample_0, compiling. 
[2015.09.24-03.50.28:584][872]LogLinker:Warning: Asset '../../../Engine/Content/ArtTools/RenderToTexture/Macros/RenderToTextureMacros.uasset' has been saved with empty engine version. The asset will be loaded but may be incompatible.
[2015.09.24-03.50.29:696][872]LogContentBrowser: Native class hierarchy updated for 'BlueprintGraph' in 0.0103 seconds. Added 107 classes and 0 folders.
[2015.09.24-03.50.30:932][873]MaterialEditorStats: Info Base pass shader with only dynamic lighting: 32 instructions
[2015.09.24-03.50.30:932][873]MaterialEditorStats: Info Vertex shader: 33 instructions
[2015.09.24-03.50.30:932][873]MaterialEditorStats: Info Texture samplers: 1/16
[2015.09.24-03.50.45:696][886]LogMaterial: Missing cached shader map for material 360_Labs_2014_Cinematic_VR_Video_Reel_720p192K_Tex_Mat, compiling. 
[2015.09.24-03.50.45:701][886]LogMaterial: 0.000054 seconds spent updating 1 materials, 1 interfaces, 0 instances, 0 with static permutations.
[2015.09.24-03.50.45:702][886]LogMaterial: Missing cached shader map for material FMatExpressionPreview MaterialExpressionTextureObject_0, compiling. 
[2015.09.24-03.50.45:709][886]LogMaterial: Missing cached shader map for material FMatExpressionPreview MaterialExpressionTextureObject_0, compiling. 
[2015.09.24-03.50.45:759][886]LogMaterial: Missing cached shader map for material 360_Labs_2014_Cinematic_VR_Video_Reel_720p192K_Tex_Mat, compiling. 
[2015.09.24-03.50.45:779][886]LogMaterial:Warning: Failed to compile Material /Engine/Transient.360_Labs_2014_Cinematic_VR_Video_Reel_720p192K_Tex_Mat for platform PCD3D_SM5, Default Material will be used in game.
[2015.09.24-03.50.45:779][886]LogMaterial:Warning: 	Cannot force a cast between non-numeric types.
[2015.09.24-03.50.45:780][886]LogMaterial: 0.000102 seconds spent updating 1 materials, 1 interfaces, 0 instances, 0 with static permutations.
[2015.09.24-03.50.45:818][886]LogMaterial: Missing cached shader map for material FMatExpressionPreview MaterialExpressionTextureObject_0, compiling. 
[2015.09.24-03.50.45:821][886]MaterialEditorStats:Error: Error [SM5] Cannot force a cast between non-numeric types.
[2015.09.24-03.51.21:759][602]LogMaterialEditor: Applying material 360_Labs_2014_Cinematic_VR_Video_Reel_720p192K_Tex_Mat
[2015.09.24-03.51.29:990][846]LogMaterialEditor: Saving and Compiling material 360_Labs_2014_Cinematic_VR_Video_Reel_720p192K_Tex_Mat
[2015.09.24-03.51.32:390][846]LogSavePackage: Save=30.160763ms
[2015.09.24-03.51.32:390][846]LogSavePackage: Moving '../../../../../../Users/sumnerryan/Documents/Unreal Projects/Video360/Saved/360_Labs_2014_Cinematic_VR_Video_Reel_720p192K_Tex_MatEA2D878141D6966DAA19F1BF7A8555F0.tmp' to '../../../../../../Users/sumnerryan/Documents/Unreal Projects/Video360/Content/360_Labs_2014_Cinematic_VR_Video_Reel_720p192K_Tex_Mat.uasset'
[2015.09.24-03.51.32:391][846]LogSavePackage: Total save time: 54.131724ms
[2015.09.24-03.51.32:391][846]LogSavePackage:Warning: Finished SavePackage ../../../../../../Users/sumnerryan/Documents/Unreal Projects/Video360/Content/360_Labs_2014_Cinematic_VR_Video_Reel_720p192K_Tex_Mat.uasset
[2015.09.24-03.51.49:114][121]LogMaterial: Missing cached shader map for material 360_Labs_2014_Cinematic_VR_Video_Reel_720p192K_Tex_Mat, compiling. 
[2015.09.24-03.51.49:114][121]LogMaterial:Warning: Failed to compile Material /Engine/Transient.360_Labs_2014_Cinematic_VR_Video_Reel_720p192K_Tex_Mat for platform PCD3D_SM5, Default Material will be used in game.
[2015.09.24-03.51.49:114][121]LogMaterial:Warning: 	Cannot force a cast between non-numeric types.
[2015.09.24-03.51.49:114][121]LogMaterial: 0.000022 seconds spent updating 1 materials, 1 interfaces, 0 instances, 0 with static permutations.
[2015.09.24-03.51.50:313][216]LogMaterialEditor: Applying material 360_Labs_2014_Cinematic_VR_Video_Reel_720p192K_Tex_Mat
[2015.09.24-03.51.52:781][216]LogMaterial: Missing cached shader map for material 360_Labs_2014_Cinematic_VR_Video_Reel_720p192K_Tex_Mat, compiling. 
[2015.09.24-03.51.52:781][216]LogMaterial:Warning: Failed to compile Material /Engine/Transient.360_Labs_2014_Cinematic_VR_Video_Reel_720p192K_Tex_Mat for platform PCD3D_SM5, Default Material will be used in game.
[2015.09.24-03.51.52:781][216]LogMaterial:Warning: 	Cannot force a cast between non-numeric types.
[2015.09.24-03.51.52:781][216]LogMaterial: 0.000042 seconds spent updating 1 materials, 1 interfaces, 0 instances, 0 with static permutations.
[2015.09.24-03.51.52:801][216]LogMaterial: Missing cached shader map for material 360_Labs_2014_Cinematic_VR_Video_Reel_720p192K_Tex_Mat, compiling. 
[2015.09.24-03.51.52:802][216]LogMaterial:Warning: Failed to compile Material /Game/360_Labs_2014_Cinematic_VR_Video_Reel_720p192K_Tex_Mat.360_Labs_2014_Cinematic_VR_Video_Reel_720p192K_Tex_Mat for platform PCD3D_SM5, Default Material will be used in game.
[2015.09.24-03.51.52:802][216]LogMaterial:Warning: 	Cannot force a cast between non-numeric types.
[2015.09.24-03.51.52:805][216]LogMaterial: Missing cached shader map for material 360_Labs_2014_Cinematic_VR_Video_Reel_720p192K_Tex_Mat, compiling. 
[2015.09.24-03.51.52:805][216]LogMaterial:Warning: Failed to compile Material /Game/360_Labs_2014_Cinematic_VR_Video_Reel_720p192K_Tex_Mat.360_Labs_2014_Cinematic_VR_Video_Reel_720p192K_Tex_Mat for platform PCD3D_SM5, Default Material will be used in game.
[2015.09.24-03.51.52:805][216]LogMaterial:Warning: 	Cannot force a cast between non-numeric types.
[2015.09.24-03.51.52:805][216]LogMaterial: 0.000289 seconds spent updating 1 materials, 1 interfaces, 0 instances, 0 with static permutations.
[2015.09.24-03.51.55:143][419]LogEditorViewport: Clicking on Actor (LMB): Skydome_C (Skydome)
[2015.09.24-03.51.58:480][659]LogBlueprintUserMessages: Early PlayInEditor Detection: Level '/Game/StarterContent/Maps/Minimal_Default.Minimal_Default:PersistentLevel' has LevelScriptBlueprint '/Game/StarterContent/Maps/Minimal_Default.Minimal_Default:PersistentLevel.Minimal_Default' with GeneratedClass '/Game/StarterContent/Maps/Minimal_Default.Minimal_Default_C' with ClassGeneratedBy '/Game/StarterContent/Maps/Minimal_Default.Minimal_Default:PersistentLevel.Minimal_Default'
[2015.09.24-03.51.58:480][659]LogPlayLevel: PlayLevel: No blueprints needed recompiling
[2015.09.24-03.51.58:516][659]PIE: New page: PIE session: Minimal_Default (25 Sep 2015 3:51:58 am)
[2015.09.24-03.51.58:531][659]LogPlayLevel: Creating play world package: /Game/StarterContent/Maps/UEDPIE_0_Minimal_Default
[2015.09.24-03.51.58:578][659]LogPlayLevel: PIE: StaticDuplicateObject took: (0.046236s)
[2015.09.24-03.51.58:578][659]LogAIModule: Creating AISystem for world Minimal_Default
[2015.09.24-03.51.58:578][659]LogPlayLevel: PIE: World Init took: (0.000628s)
[2015.09.24-03.51.58:579][659]LogPlayLevel: PIE: Created PIE world by copying editor world from /Game/StarterContent/Maps/Minimal_Default.Minimal_Default to /Game/StarterContent/Maps/UEDPIE_0_Minimal_Default.Minimal_Default (0.047332s)
[2015.09.24-03.51.58:615][659]LogInit: XAudio2 using 'Speakers / Headphones (Realtek High Definition Audio)' : 2 channels at 48 kHz using 32 bits per sample (channel mask 0x3)
[2015.09.24-03.51.58:638][659]LogInit: FAudioDevice initialized.
[2015.09.24-03.51.58:876][659]LogWorld: Game class is 'GameMode'
[2015.09.24-03.51.58:957][659]LogWorld: Bringing World /Game/StarterContent/Maps/UEDPIE_0_Minimal_Default.Minimal_Default up for play (max tick rate 0) at 2015.09.24-15.51.58
[2015.09.24-03.51.58:957][659]LogActor:Warning: GameSession /Game/StarterContent/Maps/UEDPIE_0_Minimal_Default.Minimal_Default:PersistentLevel.GameSession_0 has natively added scene component(s), but none of them were set as the actor's RootComponent - picking one arbitrarily
[2015.09.24-03.51.58:965][659]LogActor:Warning: GameNetworkManager /Game/StarterContent/Maps/UEDPIE_0_Minimal_Default.Minimal_Default:PersistentLevel.GameNetworkManager_0 has natively added scene component(s), but none of them were set as the actor's RootComponent - picking one arbitrarily
[2015.09.24-03.51.58:965][659]LogWorld: Bringing up level for play took: 0.009143
[2015.09.24-03.51.59:231][659]PIE: Info Play in editor start time for /Game/StarterContent/Maps/UEDPIE_0_Minimal_Default 0.719
[2015.09.24-03.51.59:232][659]LogBlueprintUserMessages: Late PlayInEditor Detection: Level '/Game/StarterContent/Maps/Minimal_Default.Minimal_Default:PersistentLevel' has LevelScriptBlueprint '/Game/StarterContent/Maps/Minimal_Default.Minimal_Default:PersistentLevel.Minimal_Default' with GeneratedClass '/Game/StarterContent/Maps/Minimal_Default.Minimal_Default_C' with ClassGeneratedBy '/Game/StarterContent/Maps/Minimal_Default.Minimal_Default:PersistentLevel.Minimal_Default'
[2015.09.24-03.52.03:704][  7]LogBlueprintUserMessages: Early EndPlayMap Detection: Level '/Game/StarterContent/Maps/Minimal_Default.Minimal_Default:PersistentLevel' has LevelScriptBlueprint '/Game/StarterContent/Maps/Minimal_Default.Minimal_Default:PersistentLevel.Minimal_Default' with GeneratedClass '/Game/StarterContent/Maps/Minimal_Default.Minimal_Default_C' with ClassGeneratedBy '/Game/StarterContent/Maps/Minimal_Default.Minimal_Default:PersistentLevel.Minimal_Default'
[2015.09.24-03.52.03:818][  7]LogBlueprintUserMessages: Late EndPlayMap Detection: Level '/Game/StarterContent/Maps/Minimal_Default.Minimal_Default:PersistentLevel' has LevelScriptBlueprint '/Game/StarterContent/Maps/Minimal_Default.Minimal_Default:PersistentLevel.Minimal_Default' with GeneratedClass '/Game/StarterContent/Maps/Minimal_Default.Minimal_Default_C' with ClassGeneratedBy '/Game/StarterContent/Maps/Minimal_Default.Minimal_Default:PersistentLevel.Minimal_Default'
[2015.09.24-03.52.03:837][  7]LogParticles: Destroying 0 GPU particle simulations for FXSystem 0x00000000305C5DA0
[2015.09.24-03.52.12:018][624]LogEditorTransaction: Undo Clicking on Actors
[2015.09.24-03.52.12:029][624]LogMaterial: Missing cached shader map for material 360_Labs_2014_Cinematic_VR_Video_Reel_720p192K_Tex_Mat, compiling. 
[2015.09.24-03.52.12:030][624]LogMaterial:Warning: Failed to compile Material /Engine/Transient.360_Labs_2014_Cinematic_VR_Video_Reel_720p192K_Tex_Mat for platform PCD3D_SM5, Default Material will be used in game.
[2015.09.24-03.52.12:030][624]LogMaterial:Warning: 	Cannot force a cast between non-numeric types.
[2015.09.24-03.52.12:030][624]LogMaterial: 0.000049 seconds spent updating 1 materials, 1 interfaces, 0 instances, 0 with static permutations.
[2015.09.24-03.52.13:054][697]LogEditorTransaction: Undo Material Editor: Delete
[2015.09.24-03.52.13:065][697]LogMaterial: Missing cached shader map for material 360_Labs_2014_Cinematic_VR_Video_Reel_720p192K_Tex_Mat, compiling. 
[2015.09.24-03.52.13:066][697]LogMaterial:Warning: Failed to compile Material /Engine/Transient.360_Labs_2014_Cinematic_VR_Video_Reel_720p192K_Tex_Mat for platform PCD3D_SM5, Default Material will be used in game.
[2015.09.24-03.52.13:066][697]LogMaterial:Warning: 	Cannot force a cast between non-numeric types.
[2015.09.24-03.52.13:068][697]LogMaterial: Missing cached shader map for material 360_Labs_2014_Cinematic_VR_Video_Reel_720p192K_Tex_Mat, compiling. 
[2015.09.24-03.52.13:068][697]LogMaterial:Warning: Failed to compile Material /Engine/Transient.360_Labs_2014_Cinematic_VR_Video_Reel_720p192K_Tex_Mat for platform PCD3D_SM5, Default Material will be used in game.
[2015.09.24-03.52.13:068][697]LogMaterial:Warning: 	Cannot force a cast between non-numeric types.
[2015.09.24-03.52.13:068][697]LogMaterial: 0.000056 seconds spent updating 1 materials, 1 interfaces, 0 instances, 0 with static permutations.
[2015.09.24-03.52.13:828][752]LogEditorTransaction: Undo Move Node
[2015.09.24-03.52.13:839][752]LogMaterial: Missing cached shader map for material 360_Labs_2014_Cinematic_VR_Video_Reel_720p192K_Tex_Mat, compiling. 
[2015.09.24-03.52.13:840][752]LogMaterial:Warning: Failed to compile Material /Engine/Transient.360_Labs_2014_Cinematic_VR_Video_Reel_720p192K_Tex_Mat for platform PCD3D_SM5, Default Material will be used in game.
[2015.09.24-03.52.13:840][752]LogMaterial:Warning: 	Cannot force a cast between non-numeric types.
[2015.09.24-03.52.13:840][752]LogMaterial: 0.000032 seconds spent updating 1 materials, 1 interfaces, 0 instances, 0 with static permutations.
[2015.09.24-03.52.14:530][804]LogEditorTransaction: Undo Material Editor: Convert to Texture
[2015.09.24-03.52.14:542][804]LogMaterial: Missing cached shader map for material 360_Labs_2014_Cinematic_VR_Video_Reel_720p192K_Tex_Mat, compiling. 
[2015.09.24-03.52.14:563][804]LogMaterial: Missing cached shader map for material 360_Labs_2014_Cinematic_VR_Video_Reel_720p192K_Tex_Mat, compiling. 
[2015.09.24-03.52.14:568][804]LogMaterial: 0.000017 seconds spent updating 1 materials, 1 interfaces, 0 instances, 0 with static permutations.
[2015.09.24-03.52.14:593][804]LogMaterial: Missing cached shader map for material FMatExpressionPreview MaterialExpressionTextureSample_0, compiling. 
[2015.09.24-03.52.15:621][861]MaterialEditorStats: Info Base pass shader with only dynamic lighting: 32 instructions
[2015.09.24-03.52.15:621][861]MaterialEditorStats: Info Vertex shader: 33 instructions
[2015.09.24-03.52.15:621][861]MaterialEditorStats: Info Texture samplers: 1/16
[2015.09.24-03.52.18:434][ 62]LogMaterialEditor: Applying material 360_Labs_2014_Cinematic_VR_Video_Reel_720p192K_Tex_Mat
[2015.09.24-03.52.18:969][ 62]LogMaterial: Missing cached shader map for material 360_Labs_2014_Cinematic_VR_Video_Reel_720p192K_Tex_Mat, compiling. 
[2015.09.24-03.52.18:987][ 62]LogMaterial: 0.000076 seconds spent updating 1 materials, 1 interfaces, 0 instances, 0 with static permutations.
[2015.09.24-03.52.18:997][ 62]LogMaterial: Missing cached shader map for material 360_Labs_2014_Cinematic_VR_Video_Reel_720p192K_Tex_Mat, compiling. 
[2015.09.24-03.52.19:088][ 62]LogMaterial: Missing cached shader map for material 360_Labs_2014_Cinematic_VR_Video_Reel_720p192K_Tex_Mat, compiling. 
[2015.09.24-03.52.19:116][ 62]LogMaterial: 0.000401 seconds spent updating 1 materials, 1 interfaces, 0 instances, 0 with static permutations.
[2015.09.24-03.52.20:940][174]MaterialEditorStats: Info Base pass shader with only dynamic lighting: 61 instructions
[2015.09.24-03.52.20:940][174]MaterialEditorStats: Info Vertex shader: 33 instructions
[2015.09.24-03.52.20:940][174]MaterialEditorStats: Info Texture samplers: 4/16
[2015.09.24-03.55.45:012][974]LogSavePackage: Save=65.104630ms
[2015.09.24-03.55.45:012][974]LogSavePackage: Moving '../../../../../../Users/sumnerryan/Documents/Unreal Projects/Video360/Saved/Minimal_DefaultA12CC33944B5DDA2DE97B0B5C1D4AB0C.tmp' to '../../../../../../Users/sumnerryan/Documents/Unreal Projects/Video360/Content/StarterContent/Maps/Minimal_Default.umap'
[2015.09.24-03.55.45:013][974]LogSavePackage: Total save time: 68.706553ms
[2015.09.24-03.55.45:013][974]LogSavePackage:Warning: Finished SavePackage ../../../../../../Users/sumnerryan/Documents/Unreal Projects/Video360/Content/StarterContent/Maps/Minimal_Default.umap
[2015.09.24-03.55.49:306][296]LogSavePackage: Save=10.125139ms
[2015.09.24-03.55.49:306][296]LogSavePackage: Moving '../../../../../../Users/sumnerryan/Documents/Unreal Projects/Video360/Saved/360_Labs_2014_Cinematic_VR_Video_Reel_720p192K_Tex_Mat75A435B84513CF7739D8E980A9F845DD.tmp' to '../../../../../../Users/sumnerryan/Documents/Unreal Projects/Video360/Content/360_Labs_2014_Cinematic_VR_Video_Reel_720p192K_Tex_Mat.uasset'
[2015.09.24-03.55.49:308][296]LogSavePackage: Total save time: 14.616471ms
[2015.09.24-03.55.49:308][296]LogSavePackage:Warning: Finished SavePackage ../../../../../../Users/sumnerryan/Documents/Unreal Projects/Video360/Content/360_Labs_2014_Cinematic_VR_Video_Reel_720p192K_Tex_Mat.uasset
[2015.09.24-03.58.20:763][523]LogBlueprintUserMessages: CustomizeDetails for Blueprint 'Skydome', cached variable property's owner is '/Game/Skydome.SKEL_Skydome_C'
[2015.09.24-03.58.26:080][871]LogBlueprintUserMessages: CustomizeDetails for Blueprint 'Skydome', cached variable property's owner is '/Game/Skydome.SKEL_Skydome_C'
[2015.09.24-03.59.55:283][  1]LogBlueprintUserMessages: CustomizeDetails for Blueprint 'Skydome', cached variable property's owner is '/Script/Engine.BillboardComponent'
[2015.09.24-04.02.25:950][955]LogEditorTransaction: Undo Delete current selection
[2015.09.24-04.02.25:963][955]LogMaterial: Missing cached shader map for material 360_Labs_2014_Cinematic_VR_Video_Reel_720p192K_Tex_Mat, compiling. 
[2015.09.24-04.02.25:968][955]LogMaterial: 0.000059 seconds spent updating 1 materials, 1 interfaces, 0 instances, 0 with static permutations.
[2015.09.24-04.02.26:951][  9]MaterialEditorStats: Info Base pass shader with only dynamic lighting: 32 instructions
[2015.09.24-04.02.26:951][  9]MaterialEditorStats: Info Vertex shader: 33 instructions
[2015.09.24-04.02.26:951][  9]MaterialEditorStats: Info Texture samplers: 1/16
[2015.09.24-04.03.07:780][240]BlueprintLog: New page: Compile Skydome
[2015.09.24-04.03.07:784][240]LogBlueprint:Error: [compiler Skydome] Error This blueprint (self) is not a BillboardComponent, therefore ' Target ' must have a connection.
[2015.09.24-04.03.07:864][240]LogBlueprint:Warning: [compiler Skydome] Warning [0791.09] Compile of Skydome failed. 1 Fatal Issue(s) 0 Warning(s) [in 83 ms]
[2015.09.24-04.03.07:864][240]BlueprintEditorCompileResults:Error: Error This blueprint (self) is not a BillboardComponent, therefore ' Target ' must have a connection.
[2015.09.24-04.03.07:864][240]BlueprintEditorCompileResults:Warning: Warning [0791.09] Compile of Skydome failed. 1 Fatal Issue(s) 0 Warning(s) [in 83 ms]
[2015.09.24-04.03.31:617][138]LogBlueprintUserMessages: CustomizeDetails for Blueprint 'Skydome', cached variable property's owner is '/Game/Skydome.SKEL_Skydome_C'
[2015.09.24-04.03.44:653][ 74]LogBlueprintUserMessages: CustomizeDetails for Blueprint 'Skydome', cached variable property's owner is '/Game/Skydome.SKEL_Skydome_C'
[2015.09.24-04.04.03:892][487]LogBlueprintUserMessages: CustomizeDetails for Blueprint 'Skydome', cached variable property's owner is '/Game/Skydome.SKEL_Skydome_C'
[2015.09.24-04.05.43:212][151]LogBlueprintUserMessages: CustomizeDetails for Blueprint 'Skydome', cached variable property's owner is '/Game/Skydome.SKEL_Skydome_C'
[2015.09.24-04.05.55:309][ 46]LogMaterial: Missing cached shader map for material 360_Labs_2014_Cinematic_VR_Video_Reel_720p192K_Tex_Mat, compiling. 
[2015.09.24-04.05.55:314][ 46]LogMaterial: 0.000078 seconds spent updating 1 materials, 1 interfaces, 0 instances, 0 with static permutations.
[2015.09.24-04.05.56:377][105]MaterialEditorStats: Info Base pass shader with only dynamic lighting: 33 instructions
[2015.09.24-04.05.56:377][105]MaterialEditorStats: Info Vertex shader: 33 instructions
[2015.09.24-04.05.56:377][105]MaterialEditorStats: Info Texture samplers: 1/16
[2015.09.24-04.05.57:176][164]LogMaterial: Missing cached shader map for material 360_Labs_2014_Cinematic_VR_Video_Reel_720p192K_Tex_Mat, compiling. 
[2015.09.24-04.05.57:182][164]LogMaterial: 0.000075 seconds spent updating 1 materials, 1 interfaces, 0 instances, 0 with static permutations.
[2015.09.24-04.05.57:782][203]MaterialEditorStats: Info Base pass shader with only dynamic lighting: 33 instructions
[2015.09.24-04.05.57:782][203]MaterialEditorStats: Info Vertex shader: 33 instructions
[2015.09.24-04.05.57:782][203]MaterialEditorStats: Info Texture samplers: 1/16
[2015.09.24-04.06.03:390][649]LogMaterial: Missing cached shader map for material 360_Labs_2014_Cinematic_VR_Video_Reel_720p192K_Tex_Mat, compiling. 
[2015.09.24-04.06.03:395][649]LogMaterial: 0.000056 seconds spent updating 1 materials, 1 interfaces, 0 instances, 0 with static permutations.
[2015.09.24-04.06.03:976][681]MaterialEditorStats: Info Base pass shader with only dynamic lighting: 32 instructions
[2015.09.24-04.06.03:976][681]MaterialEditorStats: Info Vertex shader: 33 instructions
[2015.09.24-04.06.03:976][681]MaterialEditorStats: Info Texture samplers: 1/16
[2015.09.24-04.06.16:887][627]LogMaterial: Missing cached shader map for material 360_Labs_2014_Cinematic_VR_Video_Reel_720p192K_Tex_Mat, compiling. 
[2015.09.24-04.06.16:897][627]LogMaterial: Missing cached shader map for material 360_Labs_2014_Cinematic_VR_Video_Reel_720p192K_Tex_Mat, compiling. 
[2015.09.24-04.06.16:903][627]LogMaterial: 0.000025 seconds spent updating 1 materials, 1 interfaces, 0 instances, 0 with static permutations.
[2015.09.24-04.06.17:771][674]MaterialEditorStats: Info Base pass shader with only dynamic lighting: 39 instructions
[2015.09.24-04.06.17:771][674]MaterialEditorStats: Info Vertex shader: 33 instructions
[2015.09.24-04.06.17:771][674]MaterialEditorStats: Info Texture samplers: 1/16
[2015.09.24-04.06.20:680][865]LogMaterialEditor: Applying material 360_Labs_2014_Cinematic_VR_Video_Reel_720p192K_Tex_Mat
[2015.09.24-04.06.21:221][865]LogMaterial: Missing cached shader map for material 360_Labs_2014_Cinematic_VR_Video_Reel_720p192K_Tex_Mat, compiling. 
[2015.09.24-04.06.21:241][865]LogMaterial: 0.000056 seconds spent updating 1 materials, 1 interfaces, 0 instances, 0 with static permutations.
[2015.09.24-04.06.21:254][865]LogMaterial: Missing cached shader map for material 360_Labs_2014_Cinematic_VR_Video_Reel_720p192K_Tex_Mat, compiling. 
[2015.09.24-04.06.21:298][865]LogMaterial: Missing cached shader map for material 360_Labs_2014_Cinematic_VR_Video_Reel_720p192K_Tex_Mat, compiling. 
[2015.09.24-04.06.21:310][865]LogMaterial: 0.000350 seconds spent updating 1 materials, 1 interfaces, 0 instances, 0 with static permutations.
[2015.09.24-04.06.23:222][969]MaterialEditorStats: Info Base pass shader with only dynamic lighting: 65 instructions
[2015.09.24-04.06.23:222][969]MaterialEditorStats: Info Vertex shader: 33 instructions
[2015.09.24-04.06.23:222][969]MaterialEditorStats: Info Texture samplers: 4/16
[2015.09.24-04.06.28:449][391]LogBlueprintUserMessages: Early PlayInEditor Detection: Level '/Game/StarterContent/Maps/Minimal_Default.Minimal_Default:PersistentLevel' has LevelScriptBlueprint '/Game/StarterContent/Maps/Minimal_Default.Minimal_Default:PersistentLevel.Minimal_Default' with GeneratedClass '/Game/StarterContent/Maps/Minimal_Default.Minimal_Default_C' with ClassGeneratedBy '/Game/StarterContent/Maps/Minimal_Default.Minimal_Default:PersistentLevel.Minimal_Default'
[2015.09.24-04.06.28:449][391]BlueprintLog: New page: Pre-Play auto-recompile
[2015.09.24-04.06.28:453][391]LogPlayLevel: [PlayLevel] Compiling Skydome before play...
[2015.09.24-04.06.28:489][391]LogPlayLevel: PlayLevel: Blueprint regeneration took 39 ms (1 blueprints)
[2015.09.24-04.06.28:509][391]PIE: New page: PIE session: Minimal_Default (25 Sep 2015 4:06:28 am)
[2015.09.24-04.06.28:509][391]LogPlayLevel: Creating play world package: /Game/StarterContent/Maps/UEDPIE_0_Minimal_Default
[2015.09.24-04.06.28:510][391]LogPlayLevel: PIE: StaticDuplicateObject took: (0.001199s)
[2015.09.24-04.06.28:511][391]LogAIModule: Creating AISystem for world Minimal_Default
[2015.09.24-04.06.28:511][391]LogPlayLevel: PIE: World Init took: (0.000627s)
[2015.09.24-04.06.28:511][391]LogPlayLevel: PIE: Created PIE world by copying editor world from /Game/StarterContent/Maps/Minimal_Default.Minimal_Default to /Game/StarterContent/Maps/UEDPIE_0_Minimal_Default.Minimal_Default (0.001974s)
[2015.09.24-04.06.28:532][391]LogInit: XAudio2 using 'Speakers / Headphones (Realtek High Definition Audio)' : 2 channels at 48 kHz using 32 bits per sample (channel mask 0x3)
[2015.09.24-04.06.28:542][391]LogInit: FAudioDevice initialized.
[2015.09.24-04.06.28:570][391]LogWorld: Game class is 'GameMode'
[2015.09.24-04.06.28:572][391]LogWorld: Bringing World /Game/StarterContent/Maps/UEDPIE_0_Minimal_Default.Minimal_Default up for play (max tick rate 0) at 2015.09.24-16.06.28
[2015.09.24-04.06.28:572][391]LogActor:Warning: GameSession /Game/StarterContent/Maps/UEDPIE_0_Minimal_Default.Minimal_Default:PersistentLevel.GameSession_1 has natively added scene component(s), but none of them were set as the actor's RootComponent - picking one arbitrarily
[2015.09.24-04.06.28:572][391]LogActor:Warning: GameNetworkManager /Game/StarterContent/Maps/UEDPIE_0_Minimal_Default.Minimal_Default:PersistentLevel.GameNetworkManager_1 has natively added scene component(s), but none of them were set as the actor's RootComponent - picking one arbitrarily
[2015.09.24-04.06.28:572][391]LogWorld: Bringing up level for play took: 0.001312
[2015.09.24-04.06.28:574][391]PIE: Info Play in editor start time for /Game/StarterContent/Maps/UEDPIE_0_Minimal_Default 0.01
[2015.09.24-04.06.28:574][391]LogBlueprintUserMessages: Late PlayInEditor Detection: Level '/Game/StarterContent/Maps/Minimal_Default.Minimal_Default:PersistentLevel' has LevelScriptBlueprint '/Game/StarterContent/Maps/Minimal_Default.Minimal_Default:PersistentLevel.Minimal_Default' with GeneratedClass '/Game/StarterContent/Maps/Minimal_Default.Minimal_Default_C' with ClassGeneratedBy '/Game/StarterContent/Maps/Minimal_Default.Minimal_Default:PersistentLevel.Minimal_Default'
[2015.09.24-04.06.33:091][821]LogBlueprintUserMessages: Early EndPlayMap Detection: Level '/Game/StarterContent/Maps/Minimal_Default.Minimal_Default:PersistentLevel' has LevelScriptBlueprint '/Game/StarterContent/Maps/Minimal_Default.Minimal_Default:PersistentLevel.Minimal_Default' with GeneratedClass '/Game/StarterContent/Maps/Minimal_Default.Minimal_Default_C' with ClassGeneratedBy '/Game/StarterContent/Maps/Minimal_Default.Minimal_Default:PersistentLevel.Minimal_Default'
[2015.09.24-04.06.33:122][821]LogBlueprintUserMessages: Late EndPlayMap Detection: Level '/Game/StarterContent/Maps/Minimal_Default.Minimal_Default:PersistentLevel' has LevelScriptBlueprint '/Game/StarterContent/Maps/Minimal_Default.Minimal_Default:PersistentLevel.Minimal_Default' with GeneratedClass '/Game/StarterContent/Maps/Minimal_Default.Minimal_Default_C' with ClassGeneratedBy '/Game/StarterContent/Maps/Minimal_Default.Minimal_Default:PersistentLevel.Minimal_Default'
[2015.09.24-04.06.33:154][822]LogParticles: Destroying 0 GPU particle simulations for FXSystem 0x0000000007CF3240
[2015.09.24-04.07.42:074][134]LogRenderer: Reallocating scene render targets to support 1208x816 (Frame:99327).
[2015.09.24-04.07.51:626][754]LogBlueprintUserMessages: CustomizeDetails for Blueprint 'Skydome', cached variable property's owner is '/Game/Skydome.SKEL_Skydome_C'
[2015.09.24-04.08.09:064][816]LogBlueprintUserMessages: CustomizeDetails for Blueprint 'Skydome', cached variable property's owner is '/Game/Skydome.SKEL_Skydome_C'
[2015.09.24-04.08.10:853][934]LogBlueprintUserMessages: CustomizeDetails for Blueprint 'Skydome', cached variable property's owner is '/Game/Skydome.SKEL_Skydome_C'
[2015.09.24-04.08.56:035][482]BlueprintLog: New page: Compile Skydome
[2015.09.24-04.08.56:090][482]BlueprintEditorCompileResults: Info [1139.30] Compile of Skydome successful! [in 54 ms]
[2015.09.24-04.08.58:850][629]LogSavePackage: Save=1.427220ms
[2015.09.24-04.08.58:850][629]LogSavePackage: Moving '../../../../../../Users/sumnerryan/Documents/Unreal Projects/Video360/Saved/360_Labs_2014_Cinematic_VR_Video_Reel_720p192KAE45FEB7469B85300DD6B0A9E02D7766.tmp' to '../../../../../../Users/sumnerryan/Documents/Unreal Projects/Video360/Content/360_Labs_2014_Cinematic_VR_Video_Reel_720p192K.uasset'
[2015.09.24-04.08.58:851][629]LogSavePackage: Total save time: 6.064292ms
[2015.09.24-04.08.58:851][629]LogSavePackage:Warning: Finished SavePackage ../../../../../../Users/sumnerryan/Documents/Unreal Projects/Video360/Content/360_Labs_2014_Cinematic_VR_Video_Reel_720p192K.uasset
[2015.09.24-04.09.00:137][711]LogMaterialEditor: Saving and Compiling material 360_Labs_2014_Cinematic_VR_Video_Reel_720p192K_Tex_Mat
[2015.09.24-04.09.00:179][711]LogSavePackage: Save=10.159156ms
[2015.09.24-04.09.00:179][711]LogSavePackage: Moving '../../../../../../Users/sumnerryan/Documents/Unreal Projects/Video360/Saved/360_Labs_2014_Cinematic_VR_Video_Reel_720p192K_Tex_MatD381502545C46D4FDE8682BE2E9EE896.tmp' to '../../../../../../Users/sumnerryan/Documents/Unreal Projects/Video360/Content/360_Labs_2014_Cinematic_VR_Video_Reel_720p192K_Tex_Mat.uasset'
[2015.09.24-04.09.00:182][711]LogSavePackage: Total save time: 16.466547ms
[2015.09.24-04.09.00:182][711]LogSavePackage:Warning: Finished SavePackage ../../../../../../Users/sumnerryan/Documents/Unreal Projects/Video360/Content/360_Labs_2014_Cinematic_VR_Video_Reel_720p192K_Tex_Mat.uasset
[2015.09.24-04.10.17:707][494]LogMaterial: Missing cached shader map for material FMatExpressionPreview MaterialExpressionTextureSample_0, compiling. 
[2015.09.24-04.10.21:384][758]LogMaterial: Missing cached shader map for material FMatExpressionPreview MaterialExpressionTextureCoordinate_0, compiling. 
[2015.09.24-04.11.41:595][566]LogSavePackage: Save=40.868576ms
[2015.09.24-04.11.41:595][566]LogSavePackage: Moving '../../../../../../Users/sumnerryan/Documents/Unreal Projects/Video360/Saved/Minimal_Default_Auto1E9227F2A4C08BF5F9EE8F696EE8F8487.tmp' to '../../../../../../Users/sumnerryan/Documents/Unreal Projects/Video360/Saved/Autosaves/Game/StarterContent/Maps/Minimal_Default_Auto1.umap'
[2015.09.24-04.11.41:596][566]LogSavePackage: Total save time: 44.343229ms
[2015.09.24-04.11.41:596][566]LogSavePackage:Warning: Finished SavePackage ../../../../../../Users/sumnerryan/Documents/Unreal Projects/Video360/Saved/Autosaves/Game/StarterContent/Maps/Minimal_Default_Auto1.umap
[2015.09.24-04.11.41:597][566]LogFileHelpers: Editor autosave (incl. sublevels) for '/Game/StarterContent/Maps/Minimal_Default' took 0.075
[2015.09.24-04.11.41:597][566]LogFileHelpers: Editor autosave (incl. sublevels) for all levels took 0.075
[2015.09.24-04.11.41:602][566]OBJ SavePackage: Generating thumbnails for [1] asset(s) in package [/Game/Skydome] ([1] browsable assets)...
[2015.09.24-04.11.41:613][566]OBJ SavePackage:     Rendered thumbnail for [Blueprint /Game/Skydome.Skydome]
[2015.09.24-04.11.41:613][566]OBJ SavePackage: Finished generating thumbnails for package [/Game/Skydome]
[2015.09.24-04.11.41:613][566]Cmd: OBJ SAVEPACKAGE PACKAGE="/Game/Skydome" FILE="../../../../../../Users/sumnerryan/Documents/Unreal Projects/Video360/Saved/Autosaves/Game/Skydome_Auto1.uasset" SILENT=false AUTOSAVING=true
[2015.09.24-04.11.41:638][566]LogSavePackage: Save=21.993322ms
[2015.09.24-04.11.41:638][566]LogSavePackage: Moving '../../../../../../Users/sumnerryan/Documents/Unreal Projects/Video360/Saved/Skydome_Auto1E9A6CDDD4327B3E99CB0F7851544B4BC.tmp' to '../../../../../../Users/sumnerryan/Documents/Unreal Projects/Video360/Saved/Autosaves/Game/Skydome_Auto1.uasset'
[2015.09.24-04.11.41:640][566]LogSavePackage: Total save time: 26.564706ms
[2015.09.24-04.11.41:640][566]LogSavePackage:Warning: Finished SavePackage ../../../../../../Users/sumnerryan/Documents/Unreal Projects/Video360/Saved/Autosaves/Game/Skydome_Auto1.uasset
[2015.09.24-04.11.41:641][566]LogFileHelpers: Auto-saving content packages took 0.042
[2015.09.24-04.19.00:927][ 88]Cmd: OBJ SAVEPACKAGE PACKAGE="/Game/Skydome" FILE="../../../../../../Users/sumnerryan/Documents/Unreal Projects/Video360/Content/Skydome.uasset" SILENT=true
[2015.09.24-04.19.00:944][ 88]LogSavePackage: Save=11.551187ms
[2015.09.24-04.19.00:944][ 88]LogSavePackage: Moving '../../../../../../Users/sumnerryan/Documents/Unreal Projects/Video360/Saved/Skydome7B1C66AA44B0001E9BC8DF94EE85E0D9.tmp' to '../../../../../../Users/sumnerryan/Documents/Unreal Projects/Video360/Content/Skydome.uasset'
[2015.09.24-04.19.00:945][ 88]LogSavePackage: Total save time: 17.385572ms
[2015.09.24-04.19.00:945][ 88]LogSavePackage:Warning: Finished SavePackage ../../../../../../Users/sumnerryan/Documents/Unreal Projects/Video360/Content/Skydome.uasset
[2015.09.24-04.19.08:780][261]LogMaterial: Missing cached shader map for material 360_Labs_2014_Cinematic_VR_Video_Reel_720p192K_Tex_Mat, compiling. 
[2015.09.24-04.19.08:800][261]LogMaterial: 0.000048 seconds spent updating 1 materials, 1 interfaces, 0 instances, 0 with static permutations.
[2015.09.24-04.19.08:814][261]LogMaterial: Missing cached shader map for material 360_Labs_2014_Cinematic_VR_Video_Reel_720p192K_Tex_Mat, compiling. 
[2015.09.24-04.19.08:834][261]LogMaterial: Missing cached shader map for material 360_Labs_2014_Cinematic_VR_Video_Reel_720p192K_Tex_Mat, compiling. 
[2015.09.24-04.19.08:842][261]LogMaterial: 0.000305 seconds spent updating 1 materials, 1 interfaces, 0 instances, 0 with static permutations.
[2015.09.24-04.19.19:985][242]LogActorFactory: Actor Factory created Sphere
[2015.09.24-04.19.20:568][287]LogActorFactory: Actor Factory created Sphere
[2015.09.24-04.20.16:244][562]LogBlueprintUserMessages: CustomizeDetails for Blueprint 'Skydome', cached variable property's owner is '/Game/Skydome.SKEL_Skydome_C'
[2015.09.24-04.20.38:768][918]LogEditorViewport: Clicking on Actor (LMB): StaticMeshActor (Sphere)
[2015.09.24-04.20.39:971][ 16]Cmd: DELETE
[2015.09.24-04.20.39:971][ 16]Cmd: ACTOR DELETE
[2015.09.24-04.20.40:207][ 16]LogEditorActor: Deleted Actor: StaticMeshActor
[2015.09.24-04.20.40:228][ 16]LogParticles: Destroying 0 GPU particle simulations for FXSystem 0x00000000277A5260
[2015.09.24-04.20.40:232][ 16]LogEditorActor: Deleted 1 Actors (0.028 secs)
[2015.09.24-04.20.43:981][396]LogBlueprintUserMessages: Early PlayInEditor Detection: Level '/Game/StarterContent/Maps/Minimal_Default.Minimal_Default:PersistentLevel' has LevelScriptBlueprint '/Game/StarterContent/Maps/Minimal_Default.Minimal_Default:PersistentLevel.Minimal_Default' with GeneratedClass '/Game/StarterContent/Maps/Minimal_Default.Minimal_Default_C' with ClassGeneratedBy '/Game/StarterContent/Maps/Minimal_Default.Minimal_Default:PersistentLevel.Minimal_Default'
[2015.09.24-04.20.43:981][396]BlueprintLog: New page: Pre-Play auto-recompile
[2015.09.24-04.20.43:981][396]LogPlayLevel: [PlayLevel] Compiling Skydome before play...
[2015.09.24-04.20.44:013][396]LogPlayLevel: PlayLevel: Blueprint regeneration took 32 ms (1 blueprints)
[2015.09.24-04.20.44:031][396]PIE: New page: PIE session: Minimal_Default (25 Sep 2015 4:20:44 am)
[2015.09.24-04.20.44:031][396]LogPlayLevel: Creating play world package: /Game/StarterContent/Maps/UEDPIE_0_Minimal_Default
[2015.09.24-04.20.44:033][396]LogPlayLevel: PIE: StaticDuplicateObject took: (0.001208s)
[2015.09.24-04.20.44:033][396]LogAIModule: Creating AISystem for world Minimal_Default
[2015.09.24-04.20.44:033][396]LogPlayLevel: PIE: World Init took: (0.000572s)
[2015.09.24-04.20.44:033][396]LogPlayLevel: PIE: Created PIE world by copying editor world from /Game/StarterContent/Maps/Minimal_Default.Minimal_Default to /Game/StarterContent/Maps/UEDPIE_0_Minimal_Default.Minimal_Default (0.001973s)
[2015.09.24-04.20.44:053][396]LogInit: XAudio2 using 'Speakers / Headphones (Realtek High Definition Audio)' : 2 channels at 48 kHz using 32 bits per sample (channel mask 0x3)
[2015.09.24-04.20.44:062][396]LogInit: FAudioDevice initialized.
[2015.09.24-04.20.44:091][396]LogWorld: Game class is 'GameMode'
[2015.09.24-04.20.44:093][396]LogWorld: Bringing World /Game/StarterContent/Maps/UEDPIE_0_Minimal_Default.Minimal_Default up for play (max tick rate 0) at 2015.09.24-16.20.44
[2015.09.24-04.20.44:093][396]LogActor:Warning: GameSession /Game/StarterContent/Maps/UEDPIE_0_Minimal_Default.Minimal_Default:PersistentLevel.GameSession_2 has natively added scene component(s), but none of them were set as the actor's RootComponent - picking one arbitrarily
[2015.09.24-04.20.44:093][396]LogActor:Warning: GameNetworkManager /Game/StarterContent/Maps/UEDPIE_0_Minimal_Default.Minimal_Default:PersistentLevel.GameNetworkManager_2 has natively added scene component(s), but none of them were set as the actor's RootComponent - picking one arbitrarily
[2015.09.24-04.20.44:093][396]LogWorld: Bringing up level for play took: 0.001286
[2015.09.24-04.20.44:095][396]PIE: Info Play in editor start time for /Game/StarterContent/Maps/UEDPIE_0_Minimal_Default -0.363
[2015.09.24-04.20.44:095][396]LogBlueprintUserMessages: Late PlayInEditor Detection: Level '/Game/StarterContent/Maps/Minimal_Default.Minimal_Default:PersistentLevel' has LevelScriptBlueprint '/Game/StarterContent/Maps/Minimal_Default.Minimal_Default:PersistentLevel.Minimal_Default' with GeneratedClass '/Game/StarterContent/Maps/Minimal_Default.Minimal_Default_C' with ClassGeneratedBy '/Game/StarterContent/Maps/Minimal_Default.Minimal_Default:PersistentLevel.Minimal_Default'
[2015.09.24-04.20.53:037][370]LogBlueprintUserMessages: Early EndPlayMap Detection: Level '/Game/StarterContent/Maps/Minimal_Default.Minimal_Default:PersistentLevel' has LevelScriptBlueprint '/Game/StarterContent/Maps/Minimal_Default.Minimal_Default:PersistentLevel.Minimal_Default' with GeneratedClass '/Game/StarterContent/Maps/Minimal_Default.Minimal_Default_C' with ClassGeneratedBy '/Game/StarterContent/Maps/Minimal_Default.Minimal_Default:PersistentLevel.Minimal_Default'
[2015.09.24-04.20.53:065][370]LogBlueprintUserMessages: Late EndPlayMap Detection: Level '/Game/StarterContent/Maps/Minimal_Default.Minimal_Default:PersistentLevel' has LevelScriptBlueprint '/Game/StarterContent/Maps/Minimal_Default.Minimal_Default:PersistentLevel.Minimal_Default' with GeneratedClass '/Game/StarterContent/Maps/Minimal_Default.Minimal_Default_C' with ClassGeneratedBy '/Game/StarterContent/Maps/Minimal_Default.Minimal_Default:PersistentLevel.Minimal_Default'
[2015.09.24-04.20.53:096][371]LogParticles: Destroying 0 GPU particle simulations for FXSystem 0x000000002E88A200
[2015.09.24-04.21.09:798][811]LogSavePackage: Save=39.358078ms
[2015.09.24-04.21.09:798][811]LogSavePackage: Moving '../../../../../../Users/sumnerryan/Documents/Unreal Projects/Video360/Saved/Minimal_DefaultF7F11A38422A948C41A77482191E8C3F.tmp' to '../../../../../../Users/sumnerryan/Documents/Unreal Projects/Video360/Content/StarterContent/Maps/Minimal_Default.umap'
[2015.09.24-04.21.09:800][811]LogSavePackage: Total save time: 43.991629ms
[2015.09.24-04.21.09:800][811]LogSavePackage:Warning: Finished SavePackage ../../../../../../Users/sumnerryan/Documents/Unreal Projects/Video360/Content/StarterContent/Maps/Minimal_Default.umap
[2015.09.24-04.21.11:806][968]LogParticles: Destroying 0 GPU particle simulations for FXSystem 0x00000000172639C0
[2015.09.24-04.21.11:808][968]LogParticles: Destroying 0 GPU particle simulations for FXSystem 0x000000002E98F560
[2015.09.24-04.21.11:852][968]LogSavePackage: Save=40.139866ms
[2015.09.24-04.21.11:852][968]LogSavePackage: Moving '../../../../../../Users/sumnerryan/Documents/Unreal Projects/Video360/Saved/Minimal_Default0EBC7B544F532AEE88C0DFA2913FB6E8.tmp' to '../../../../../../Users/sumnerryan/Documents/Unreal Projects/Video360/Content/StarterContent/Maps/Minimal_Default.umap'
[2015.09.24-04.21.11:854][968]LogSavePackage: Total save time: 44.114497ms
[2015.09.24-04.21.11:854][968]LogSavePackage:Warning: Finished SavePackage ../../../../../../Users/sumnerryan/Documents/Unreal Projects/Video360/Content/StarterContent/Maps/Minimal_Default.umap
[2015.09.24-04.21.14:242][144]LogMaterial: Missing cached shader map for material 360_Labs_2014_Cinematic_VR_Video_Reel_720p192K_Tex_Mat, compiling. 
[2015.09.24-04.21.14:306][144]LogMaterial: Missing cached shader map for material 360_Labs_2014_Cinematic_VR_Video_Reel_720p192K_Tex_Mat, compiling. 
[2015.09.24-04.21.14:311][144]LogMaterial: 0.000038 seconds spent updating 1 materials, 1 interfaces, 0 instances, 0 with static permutations.
[2015.09.24-04.21.14:335][144]LogMaterial: Missing cached shader map for material FMatExpressionPreview MaterialExpressionTextureSample_0, compiling. 
[2015.09.24-04.21.15:359][196]MaterialEditorStats: Info Base pass shader with only dynamic lighting: 39 instructions
[2015.09.24-04.21.15:359][196]MaterialEditorStats: Info Vertex shader: 33 instructions
[2015.09.24-04.21.15:359][196]MaterialEditorStats: Info Texture samplers: 1/16
[2015.09.24-04.21.15:451][202]LogMaterialEditor: Saving and Compiling material 360_Labs_2014_Cinematic_VR_Video_Reel_720p192K_Tex_Mat
[2015.09.24-04.21.15:495][202]LogSavePackage: Save=9.987608ms
[2015.09.24-04.21.15:495][202]LogSavePackage: Moving '../../../../../../Users/sumnerryan/Documents/Unreal Projects/Video360/Saved/360_Labs_2014_Cinematic_VR_Video_Reel_720p192K_Tex_Mat66A90AA44A3A2985A8ED9C80C79E9BA5.tmp' to '../../../../../../Users/sumnerryan/Documents/Unreal Projects/Video360/Content/360_Labs_2014_Cinematic_VR_Video_Reel_720p192K_Tex_Mat.uasset'
[2015.09.24-04.21.15:496][202]LogSavePackage: Total save time: 14.776580ms
[2015.09.24-04.21.15:496][202]LogSavePackage:Warning: Finished SavePackage ../../../../../../Users/sumnerryan/Documents/Unreal Projects/Video360/Content/360_Labs_2014_Cinematic_VR_Video_Reel_720p192K_Tex_Mat.uasset
[2015.09.24-04.21.20:710][510]Cmd: OBJ SAVEPACKAGE PACKAGE="/Game/Skydome" FILE="../../../../../../Users/sumnerryan/Documents/Unreal Projects/Video360/Content/Skydome.uasset" SILENT=true
[2015.09.24-04.21.20:730][510]LogSavePackage: Save=16.420214ms
[2015.09.24-04.21.20:730][510]LogSavePackage: Moving '../../../../../../Users/sumnerryan/Documents/Unreal Projects/Video360/Saved/Skydome5246181C4AB5AB43CB3DF0ACA9204E07.tmp' to '../../../../../../Users/sumnerryan/Documents/Unreal Projects/Video360/Content/Skydome.uasset'
[2015.09.24-04.21.20:732][510]LogSavePackage: Total save time: 20.202186ms
[2015.09.24-04.21.20:732][510]LogSavePackage:Warning: Finished SavePackage ../../../../../../Users/sumnerryan/Documents/Unreal Projects/Video360/Content/Skydome.uasset
[2015.09.24-04.21.39:706][805]LogMaterial: Missing cached shader map for material PreviewMaterial_0, compiling. 
[2015.09.24-04.21.39:756][805]LogMaterial: Missing cached shader map for material PreviewMaterial_0, compiling. 
[2015.09.24-04.21.39:761][805]LogMaterial: 0.000042 seconds spent updating 1 materials, 1 interfaces, 0 instances, 0 with static permutations.
[2015.09.24-04.21.39:788][805]LogMaterial: Missing cached shader map for material FMatExpressionPreview MaterialExpressionTextureSample_0, compiling. 
[2015.09.24-04.21.40:814][854]MaterialEditorStats: Info Base pass shader with only dynamic lighting: 39 instructions
[2015.09.24-04.21.40:814][854]MaterialEditorStats: Info Vertex shader: 33 instructions
[2015.09.24-04.21.40:814][854]MaterialEditorStats: Info Texture samplers: 1/16
[2015.09.24-04.23.47:697][917]LogEditorViewport: Clicking on Actor (LMB): Skydome_C (Skydome)
[2015.09.24-04.25.01:138][919]LogContentBrowser: Native class hierarchy updated for 'TextureEditor' in 0.0004 seconds. Added 1 classes and 2 folders.
[2015.09.24-04.25.09:700][535]LogMaterial: Missing cached shader map for material PreviewMaterial_1, compiling. 
[2015.09.24-04.25.09:758][535]LogMaterial: Missing cached shader map for material PreviewMaterial_1, compiling. 
[2015.09.24-04.25.09:764][535]LogMaterial: 0.000027 seconds spent updating 1 materials, 1 interfaces, 0 instances, 0 with static permutations.
[2015.09.24-04.25.09:787][535]LogMaterial: Missing cached shader map for material FMatExpressionPreview MaterialExpressionTextureSample_0, compiling. 
[2015.09.24-04.25.10:784][578]MaterialEditorStats: Info Base pass shader with only dynamic lighting: 39 instructions
[2015.09.24-04.25.10:784][578]MaterialEditorStats: Info Vertex shader: 33 instructions
[2015.09.24-04.25.10:784][578]MaterialEditorStats: Info Texture samplers: 1/16
[2015.09.24-04.25.47:259][974]LogBlueprintUserMessages: CustomizeDetails for Blueprint 'Skydome', cached variable property's owner is '/Game/Skydome.SKEL_Skydome_C'
[2015.09.24-04.25.51:968][268]LogBlueprintUserMessages: CustomizeDetails for Blueprint 'Skydome', cached variable property's owner is '/Game/Skydome.SKEL_Skydome_C'
[2015.09.24-04.26.47:222][797]LogMaterial: Missing cached shader map for material PreviewMaterial_1, compiling. 
[2015.09.24-04.26.47:227][797]LogMaterial: 0.000052 seconds spent updating 1 materials, 1 interfaces, 0 instances, 0 with static permutations.
[2015.09.24-04.26.47:254][797]LogMaterial: Missing cached shader map for material FMatExpressionPreview MaterialExpressionTextureSample_0, compiling. 
[2015.09.24-04.26.48:276][847]MaterialEditorStats: Info Base pass shader with only dynamic lighting: 39 instructions
[2015.09.24-04.26.48:276][847]MaterialEditorStats: Info Vertex shader: 33 instructions
[2015.09.24-04.26.48:276][847]MaterialEditorStats: Info Texture samplers: 1/16
[2015.09.24-04.26.56:714][360]LogMaterial: Missing cached shader map for material PreviewMaterial_1, compiling. 
[2015.09.24-04.26.56:719][360]LogMaterial: 0.000070 seconds spent updating 1 materials, 1 interfaces, 0 instances, 0 with static permutations.
[2015.09.24-04.26.56:744][360]LogMaterial: Missing cached shader map for material FMatExpressionPreview MaterialExpressionTextureSample_0, compiling. 
[2015.09.24-04.26.57:415][396]MaterialEditorStats: Info Base pass shader with only dynamic lighting: 39 instructions
[2015.09.24-04.26.57:415][396]MaterialEditorStats: Info Vertex shader: 33 instructions
[2015.09.24-04.26.57:415][396]MaterialEditorStats: Info Texture samplers: 1/16
[2015.09.24-04.26.59:699][537]LogMaterial: Missing cached shader map for material PreviewMaterial_1, compiling. 
[2015.09.24-04.26.59:699][537]LogMaterial:Warning: Failed to compile Material /Engine/Transient.PreviewMaterial_1 for platform PCD3D_SM5, Default Material will be used in game.
[2015.09.24-04.26.59:699][537]LogMaterial:Warning: 	(Node TextureSample) Missing DDX(UVs) parameter
[2015.09.24-04.26.59:699][537]LogMaterial: 0.000069 seconds spent updating 1 materials, 1 interfaces, 0 instances, 0 with static permutations.
[2015.09.24-04.26.59:721][537]LogMaterial: Missing cached shader map for material FMatExpressionPreview MaterialExpressionTextureSample_0, compiling. 
[2015.09.24-04.26.59:722][537]MaterialEditorStats:Error: Error [SM5] (Node TextureSample) Missing DDX(UVs) parameter
[2015.09.24-04.27.06:168][  4]LogMaterial: Missing cached shader map for material PreviewMaterial_1, compiling. 
[2015.09.24-04.27.06:174][  4]LogMaterial: 0.000041 seconds spent updating 1 materials, 1 interfaces, 0 instances, 0 with static permutations.
[2015.09.24-04.27.06:283][  4]LogMaterial: Missing cached shader map for material FMatExpressionPreview MaterialExpressionTextureSample_0, compiling. 
[2015.09.24-04.27.06:827][ 29]MaterialEditorStats: Info Base pass shader with only dynamic lighting: 39 instructions
[2015.09.24-04.27.06:827][ 29]MaterialEditorStats: Info Vertex shader: 33 instructions
[2015.09.24-04.27.06:827][ 29]MaterialEditorStats: Info Texture samplers: 1/16
[2015.09.24-04.27.15:491][514]LogMaterialEditor: Saving and Compiling material 360_Labs_2014_Cinematic_VR_Video_Reel_720p192K_Tex_Mat
[2015.09.24-04.27.16:029][514]LogMaterial: Missing cached shader map for material PreviewMaterial_1, compiling. 
[2015.09.24-04.27.16:049][514]LogMaterial: 0.000056 seconds spent updating 1 materials, 1 interfaces, 0 instances, 0 with static permutations.
[2015.09.24-04.27.16:061][514]LogMaterial: Missing cached shader map for material 360_Labs_2014_Cinematic_VR_Video_Reel_720p192K_Tex_Mat, compiling. 
[2015.09.24-04.27.16:081][514]LogMaterial: Missing cached shader map for material 360_Labs_2014_Cinematic_VR_Video_Reel_720p192K_Tex_Mat, compiling. 
[2015.09.24-04.27.16:089][514]LogMaterial: 0.000338 seconds spent updating 1 materials, 1 interfaces, 0 instances, 0 with static permutations.
[2015.09.24-04.27.17:730][514]LogSavePackage: Save=10.105785ms
[2015.09.24-04.27.17:730][514]LogSavePackage: Moving '../../../../../../Users/sumnerryan/Documents/Unreal Projects/Video360/Saved/360_Labs_2014_Cinematic_VR_Video_Reel_720p192K_Tex_MatC33EDF21457C3FBA7FBC9C8269EDD7E8.tmp' to '../../../../../../Users/sumnerryan/Documents/Unreal Projects/Video360/Content/360_Labs_2014_Cinematic_VR_Video_Reel_720p192K_Tex_Mat.uasset'
[2015.09.24-04.27.17:732][514]LogSavePackage: Total save time: 17.230157ms
[2015.09.24-04.27.17:732][514]LogSavePackage:Warning: Finished SavePackage ../../../../../../Users/sumnerryan/Documents/Unreal Projects/Video360/Content/360_Labs_2014_Cinematic_VR_Video_Reel_720p192K_Tex_Mat.uasset
[2015.09.24-04.27.17:736][514]MaterialEditorStats: Info Base pass shader with only dynamic lighting: 65 instructions
[2015.09.24-04.27.17:736][514]MaterialEditorStats: Info Vertex shader: 33 instructions
[2015.09.24-04.27.17:736][514]MaterialEditorStats: Info Texture samplers: 4/16
[2015.09.24-04.27.28:280][214]LogMaterial: Missing cached shader map for material PreviewMaterial_1, compiling. 
[2015.09.24-04.27.28:286][214]LogMaterial: 0.000069 seconds spent updating 1 materials, 1 interfaces, 0 instances, 0 with static permutations.
[2015.09.24-04.27.28:312][214]LogMaterial: Missing cached shader map for material FMatExpressionPreview MaterialExpressionTextureSample_0, compiling. 
[2015.09.24-04.27.29:035][247]MaterialEditorStats: Info Base pass shader with only dynamic lighting: 39 instructions
[2015.09.24-04.27.29:036][247]MaterialEditorStats: Info Vertex shader: 33 instructions
[2015.09.24-04.27.29:036][247]MaterialEditorStats: Info Texture samplers: 1/16
[2015.09.24-04.27.38:242][846]LogMaterial: Missing cached shader map for material PreviewMaterial_1, compiling. 
[2015.09.24-04.27.38:248][846]LogMaterial: 0.000072 seconds spent updating 1 materials, 1 interfaces, 0 instances, 0 with static permutations.
[2015.09.24-04.27.38:270][846]LogMaterial: Missing cached shader map for material FMatExpressionPreview MaterialExpressionTextureSample_0, compiling. 
[2015.09.24-04.27.38:989][877]MaterialEditorStats: Info Base pass shader with only dynamic lighting: 39 instructions
[2015.09.24-04.27.38:989][877]MaterialEditorStats: Info Vertex shader: 33 instructions
[2015.09.24-04.27.38:989][877]MaterialEditorStats: Info Texture samplers: 1/16
[2015.09.24-04.29.09:421][238]LogMaterial: Missing cached shader map for material PreviewMaterial_1, compiling. 
[2015.09.24-04.29.09:426][238]LogMaterial: 0.000050 seconds spent updating 1 materials, 1 interfaces, 0 instances, 0 with static permutations.
[2015.09.24-04.29.09:452][238]LogMaterial: Missing cached shader map for material FMatExpressionPreview MaterialExpressionTextureSample_0, compiling. 
[2015.09.24-04.29.10:502][288]MaterialEditorStats: Info Base pass shader with only dynamic lighting: 39 instructions
[2015.09.24-04.29.10:502][288]MaterialEditorStats: Info Vertex shader: 33 instructions
[2015.09.24-04.29.10:502][288]MaterialEditorStats: Info Texture samplers: 1/16
[2015.09.24-04.29.14:739][559]LogMaterial: Missing cached shader map for material PreviewMaterial_1, compiling. 
[2015.09.24-04.29.14:745][559]LogMaterial: 0.000048 seconds spent updating 1 materials, 1 interfaces, 0 instances, 0 with static permutations.
[2015.09.24-04.29.14:768][559]LogMaterial: Missing cached shader map for material FMatExpressionPreview MaterialExpressionTextureSample_0, compiling. 
[2015.09.24-04.29.15:447][589]MaterialEditorStats: Info Base pass shader with only dynamic lighting: 39 instructions
[2015.09.24-04.29.15:447][589]MaterialEditorStats: Info Vertex shader: 33 instructions
[2015.09.24-04.29.15:447][589]MaterialEditorStats: Info Texture samplers: 1/16
[2015.09.24-04.29.17:686][730]LogMaterial: Missing cached shader map for material PreviewMaterial_1, compiling. 
[2015.09.24-04.29.17:692][730]LogMaterial: 0.000058 seconds spent updating 1 materials, 1 interfaces, 0 instances, 0 with static permutations.
[2015.09.24-04.29.17:771][730]LogMaterial: Missing cached shader map for material FMatExpressionPreview MaterialExpressionTextureSample_0, compiling. 
[2015.09.24-04.29.18:376][757]MaterialEditorStats: Info Base pass shader with only dynamic lighting: 39 instructions
[2015.09.24-04.29.18:376][757]MaterialEditorStats: Info Vertex shader: 33 instructions
[2015.09.24-04.29.18:376][757]MaterialEditorStats: Info Texture samplers: 1/16
[2015.09.24-04.29.52:700][949]LogMaterial: Missing cached shader map for material PreviewMaterial_1, compiling. 
[2015.09.24-04.29.52:706][949]LogMaterial: 0.000067 seconds spent updating 1 materials, 1 interfaces, 0 instances, 0 with static permutations.
[2015.09.24-04.29.53:730][  5]MaterialEditorStats: Info Base pass shader with only dynamic lighting: 39 instructions
[2015.09.24-04.29.53:730][  5]MaterialEditorStats: Info Vertex shader: 33 instructions
[2015.09.24-04.29.53:730][  5]MaterialEditorStats: Info Texture samplers: 1/16
[2015.09.24-04.29.57:288][241]LogMaterial: Missing cached shader map for material PreviewMaterial_1, compiling. 
[2015.09.24-04.29.57:304][241]LogMaterial: 0.000046 seconds spent updating 1 materials, 1 interfaces, 0 instances, 0 with static permutations.
[2015.09.24-04.29.57:327][241]LogMaterial: Missing cached shader map for material FMatExpressionPreview MaterialExpressionTextureSample_0, compiling. 
[2015.09.24-04.29.58:017][274]MaterialEditorStats: Info Base pass shader with only dynamic lighting: 39 instructions
[2015.09.24-04.29.58:017][274]MaterialEditorStats: Info Vertex shader: 33 instructions
[2015.09.24-04.29.58:017][274]MaterialEditorStats: Info Texture samplers: 1/16
[2015.09.24-04.30.05:201][762]LogMaterial: Missing cached shader map for material PreviewMaterial_1, compiling. 
[2015.09.24-04.30.05:206][762]LogMaterial: 0.000050 seconds spent updating 1 materials, 1 interfaces, 0 instances, 0 with static permutations.
[2015.09.24-04.30.05:868][797]MaterialEditorStats: Info Base pass shader with only dynamic lighting: 39 instructions
[2015.09.24-04.30.05:868][797]MaterialEditorStats: Info Vertex shader: 33 instructions
[2015.09.24-04.30.05:868][797]MaterialEditorStats: Info Texture samplers: 1/16
[2015.09.24-04.30.10:515][ 48]LogMaterialEditor: Saving and Compiling material 360_Labs_2014_Cinematic_VR_Video_Reel_720p192K_Tex_Mat
[2015.09.24-04.30.11:053][ 48]LogMaterial: Missing cached shader map for material PreviewMaterial_1, compiling. 
[2015.09.24-04.30.11:073][ 48]LogMaterial: 0.000043 seconds spent updating 1 materials, 1 interfaces, 0 instances, 0 with static permutations.
[2015.09.24-04.30.11:086][ 48]LogMaterial: Missing cached shader map for material 360_Labs_2014_Cinematic_VR_Video_Reel_720p192K_Tex_Mat, compiling. 
[2015.09.24-04.30.11:106][ 48]LogMaterial: Missing cached shader map for material 360_Labs_2014_Cinematic_VR_Video_Reel_720p192K_Tex_Mat, compiling. 
[2015.09.24-04.30.11:130][ 48]LogMaterial: 0.000327 seconds spent updating 1 materials, 1 interfaces, 0 instances, 0 with static permutations.
[2015.09.24-04.30.12:721][ 48]LogSavePackage: Save=10.174404ms
[2015.09.24-04.30.12:721][ 48]LogSavePackage: Moving '../../../../../../Users/sumnerryan/Documents/Unreal Projects/Video360/Saved/360_Labs_2014_Cinematic_VR_Video_Reel_720p192K_Tex_MatAF76C6944D0B4D71404E0EB03184100E.tmp' to '../../../../../../Users/sumnerryan/Documents/Unreal Projects/Video360/Content/360_Labs_2014_Cinematic_VR_Video_Reel_720p192K_Tex_Mat.uasset'
[2015.09.24-04.30.12:723][ 48]LogSavePackage: Total save time: 15.574206ms
[2015.09.24-04.30.12:723][ 48]LogSavePackage:Warning: Finished SavePackage ../../../../../../Users/sumnerryan/Documents/Unreal Projects/Video360/Content/360_Labs_2014_Cinematic_VR_Video_Reel_720p192K_Tex_Mat.uasset
[2015.09.24-04.30.12:727][ 48]MaterialEditorStats: Info Base pass shader with only dynamic lighting: 65 instructions
[2015.09.24-04.30.12:727][ 48]MaterialEditorStats: Info Vertex shader: 33 instructions
[2015.09.24-04.30.12:727][ 48]MaterialEditorStats: Info Texture samplers: 4/16
[2015.09.24-04.30.20:422][571]LogMaterial: Missing cached shader map for material PreviewMaterial_1, compiling. 
[2015.09.24-04.30.20:427][571]LogMaterial: 0.000069 seconds spent updating 1 materials, 1 interfaces, 0 instances, 0 with static permutations.
[2015.09.24-04.30.21:122][610]MaterialEditorStats: Info Base pass shader with only dynamic lighting: 39 instructions
[2015.09.24-04.30.21:122][610]MaterialEditorStats: Info Vertex shader: 33 instructions
[2015.09.24-04.30.21:122][610]MaterialEditorStats: Info Texture samplers: 1/16
[2015.09.24-04.30.24:868][868]LogMaterial: Missing cached shader map for material PreviewMaterial_1, compiling. 
[2015.09.24-04.30.24:873][868]LogMaterial: 0.000050 seconds spent updating 1 materials, 1 interfaces, 0 instances, 0 with static permutations.
[2015.09.24-04.30.25:563][903]MaterialEditorStats: Info Base pass shader with only dynamic lighting: 39 instructions
[2015.09.24-04.30.25:563][903]MaterialEditorStats: Info Vertex shader: 33 instructions
[2015.09.24-04.30.25:563][903]MaterialEditorStats: Info Texture samplers: 1/16
[2015.09.24-04.30.28:887][131]LogMaterialEditor: Saving and Compiling material 360_Labs_2014_Cinematic_VR_Video_Reel_720p192K_Tex_Mat
[2015.09.24-04.30.29:427][131]LogMaterial: Missing cached shader map for material PreviewMaterial_1, compiling. 
[2015.09.24-04.30.29:447][131]LogMaterial: 0.000046 seconds spent updating 1 materials, 1 interfaces, 0 instances, 0 with static permutations.
[2015.09.24-04.30.29:460][131]LogMaterial: Missing cached shader map for material 360_Labs_2014_Cinematic_VR_Video_Reel_720p192K_Tex_Mat, compiling. 
[2015.09.24-04.30.29:481][131]LogMaterial: Missing cached shader map for material 360_Labs_2014_Cinematic_VR_Video_Reel_720p192K_Tex_Mat, compiling. 
[2015.09.24-04.30.29:490][131]LogMaterial: 0.001823 seconds spent updating 1 materials, 1 interfaces, 0 instances, 0 with static permutations.
[2015.09.24-04.30.31:099][131]LogSavePackage: Save=10.111650ms
[2015.09.24-04.30.31:099][131]LogSavePackage: Moving '../../../../../../Users/sumnerryan/Documents/Unreal Projects/Video360/Saved/360_Labs_2014_Cinematic_VR_Video_Reel_720p192K_Tex_Mat2EA8580D4536E6749CE190ABD7FA09A5.tmp' to '../../../../../../Users/sumnerryan/Documents/Unreal Projects/Video360/Content/360_Labs_2014_Cinematic_VR_Video_Reel_720p192K_Tex_Mat.uasset'
[2015.09.24-04.30.31:101][131]LogSavePackage: Total save time: 13.961069ms
[2015.09.24-04.30.31:101][131]LogSavePackage:Warning: Finished SavePackage ../../../../../../Users/sumnerryan/Documents/Unreal Projects/Video360/Content/360_Labs_2014_Cinematic_VR_Video_Reel_720p192K_Tex_Mat.uasset
[2015.09.24-04.30.31:104][131]MaterialEditorStats: Info Base pass shader with only dynamic lighting: 65 instructions
[2015.09.24-04.30.31:105][131]MaterialEditorStats: Info Vertex shader: 33 instructions
[2015.09.24-04.30.31:105][131]MaterialEditorStats: Info Texture samplers: 4/16
[2015.09.24-04.30.36:751][392]LogEditorViewport: Clicking on Actor (LMB): Skydome_C (Skydome)
[2015.09.24-04.30.38:409][505]LogBlueprintUserMessages: Early PlayInEditor Detection: Level '/Game/StarterContent/Maps/Minimal_Default.Minimal_Default:PersistentLevel' has LevelScriptBlueprint '/Game/StarterContent/Maps/Minimal_Default.Minimal_Default:PersistentLevel.Minimal_Default' with GeneratedClass '/Game/StarterContent/Maps/Minimal_Default.Minimal_Default_C' with ClassGeneratedBy '/Game/StarterContent/Maps/Minimal_Default.Minimal_Default:PersistentLevel.Minimal_Default'
[2015.09.24-04.30.38:409][505]LogPlayLevel: PlayLevel: No blueprints needed recompiling
[2015.09.24-04.30.38:409][505]PIE: New page: PIE session: Minimal_Default (25 Sep 2015 4:30:38 am)
[2015.09.24-04.30.38:409][505]LogPlayLevel: Creating play world package: /Game/StarterContent/Maps/UEDPIE_0_Minimal_Default
[2015.09.24-04.30.38:410][505]LogPlayLevel: PIE: StaticDuplicateObject took: (0.001344s)
[2015.09.24-04.30.38:411][505]LogAIModule: Creating AISystem for world Minimal_Default
[2015.09.24-04.30.38:411][505]LogPlayLevel: PIE: World Init took: (0.000727s)
[2015.09.24-04.30.38:411][505]LogPlayLevel: PIE: Created PIE world by copying editor world from /Game/StarterContent/Maps/Minimal_Default.Minimal_Default to /Game/StarterContent/Maps/UEDPIE_0_Minimal_Default.Minimal_Default (0.002263s)
[2015.09.24-04.30.38:432][505]LogParticles: Destroying 0 GPU particle simulations for FXSystem 0x000000002E9280E0
[2015.09.24-04.30.38:433][505]LogParticles: Destroying 0 GPU particle simulations for FXSystem 0x000000002DEE71A0
[2015.09.24-04.30.38:434][505]LogParticles: Destroying 0 GPU particle simulations for FXSystem 0x000000002EEDD4E0
[2015.09.24-04.30.38:435][505]LogParticles: Destroying 0 GPU particle simulations for FXSystem 0x0000000021FCDDA0
[2015.09.24-04.30.38:439][505]LogInit: XAudio2 using 'Speakers / Headphones (Realtek High Definition Audio)' : 2 channels at 48 kHz using 32 bits per sample (channel mask 0x3)
[2015.09.24-04.30.38:448][505]LogInit: FAudioDevice initialized.
[2015.09.24-04.30.38:476][505]LogWorld: Game class is 'GameMode'
[2015.09.24-04.30.38:477][505]LogWorld: Bringing World /Game/StarterContent/Maps/UEDPIE_0_Minimal_Default.Minimal_Default up for play (max tick rate 0) at 2015.09.24-16.30.38
[2015.09.24-04.30.38:477][505]LogActor:Warning: GameSession /Game/StarterContent/Maps/UEDPIE_0_Minimal_Default.Minimal_Default:PersistentLevel.GameSession_3 has natively added scene component(s), but none of them were set as the actor's RootComponent - picking one arbitrarily
[2015.09.24-04.30.38:478][505]LogActor:Warning: GameNetworkManager /Game/StarterContent/Maps/UEDPIE_0_Minimal_Default.Minimal_Default:PersistentLevel.GameNetworkManager_3 has natively added scene component(s), but none of them were set as the actor's RootComponent - picking one arbitrarily
[2015.09.24-04.30.38:478][505]LogWorld: Bringing up level for play took: 0.001287
[2015.09.24-04.30.38:479][505]PIE: Info Play in editor start time for /Game/StarterContent/Maps/UEDPIE_0_Minimal_Default 0.073
[2015.09.24-04.30.38:479][505]LogBlueprintUserMessages: Late PlayInEditor Detection: Level '/Game/StarterContent/Maps/Minimal_Default.Minimal_Default:PersistentLevel' has LevelScriptBlueprint '/Game/StarterContent/Maps/Minimal_Default.Minimal_Default:PersistentLevel.Minimal_Default' with GeneratedClass '/Game/StarterContent/Maps/Minimal_Default.Minimal_Default_C' with ClassGeneratedBy '/Game/StarterContent/Maps/Minimal_Default.Minimal_Default:PersistentLevel.Minimal_Default'
[2015.09.24-04.30.55:714][793]LogBlueprintUserMessages: Early EndPlayMap Detection: Level '/Game/StarterContent/Maps/Minimal_Default.Minimal_Default:PersistentLevel' has LevelScriptBlueprint '/Game/StarterContent/Maps/Minimal_Default.Minimal_Default:PersistentLevel.Minimal_Default' with GeneratedClass '/Game/StarterContent/Maps/Minimal_Default.Minimal_Default_C' with ClassGeneratedBy '/Game/StarterContent/Maps/Minimal_Default.Minimal_Default:PersistentLevel.Minimal_Default'
[2015.09.24-04.30.55:747][793]LogBlueprintUserMessages: Late EndPlayMap Detection: Level '/Game/StarterContent/Maps/Minimal_Default.Minimal_Default:PersistentLevel' has LevelScriptBlueprint '/Game/StarterContent/Maps/Minimal_Default.Minimal_Default:PersistentLevel.Minimal_Default' with GeneratedClass '/Game/StarterContent/Maps/Minimal_Default.Minimal_Default_C' with ClassGeneratedBy '/Game/StarterContent/Maps/Minimal_Default.Minimal_Default:PersistentLevel.Minimal_Default'
[2015.09.24-04.30.55:768][793]LogParticles: Destroying 0 GPU particle simulations for FXSystem 0x000000002EDC85E0
[2015.09.24-04.31.29:785][ 34]LogSavePackage: Save=42.128647ms
[2015.09.24-04.31.29:785][ 34]LogSavePackage: Moving '../../../../../../Users/sumnerryan/Documents/Unreal Projects/Video360/Saved/Minimal_Default_Auto2BBA651994678AFE6E676ACB50A3AF752.tmp' to '../../../../../../Users/sumnerryan/Documents/Unreal Projects/Video360/Saved/Autosaves/Game/StarterContent/Maps/Minimal_Default_Auto2.umap'
[2015.09.24-04.31.29:786][ 34]LogSavePackage: Total save time: 47.736067ms
[2015.09.24-04.31.29:786][ 34]LogSavePackage:Warning: Finished SavePackage ../../../../../../Users/sumnerryan/Documents/Unreal Projects/Video360/Saved/Autosaves/Game/StarterContent/Maps/Minimal_Default_Auto2.umap
[2015.09.24-04.31.29:787][ 34]LogFileHelpers: Editor autosave (incl. sublevels) for '/Game/StarterContent/Maps/Minimal_Default' took 0.074
[2015.09.24-04.31.29:787][ 34]LogFileHelpers: Editor autosave (incl. sublevels) for all levels took 0.074
[2015.09.24-04.32.35:076][539]LogMaterial: Missing cached shader map for material PreviewMaterial_1, compiling. 
[2015.09.24-04.32.35:082][539]LogMaterial: 0.000087 seconds spent updating 1 materials, 1 interfaces, 0 instances, 0 with static permutations.
[2015.09.24-04.32.36:184][600]MaterialEditorStats: Info Base pass shader with only dynamic lighting: 39 instructions
[2015.09.24-04.32.36:184][600]MaterialEditorStats: Info Vertex shader: 33 instructions
[2015.09.24-04.32.36:184][600]MaterialEditorStats: Info Texture samplers: 1/16
[2015.09.24-04.32.39:162][795]LogMaterialEditor: Saving and Compiling material 360_Labs_2014_Cinematic_VR_Video_Reel_720p192K_Tex_Mat
[2015.09.24-04.32.39:700][795]LogMaterial: Missing cached shader map for material PreviewMaterial_1, compiling. 
[2015.09.24-04.32.39:720][795]LogMaterial: 0.000081 seconds spent updating 1 materials, 1 interfaces, 0 instances, 0 with static permutations.
[2015.09.24-04.32.39:733][795]LogMaterial: Missing cached shader map for material 360_Labs_2014_Cinematic_VR_Video_Reel_720p192K_Tex_Mat, compiling. 
[2015.09.24-04.32.39:760][795]LogMaterial: Missing cached shader map for material 360_Labs_2014_Cinematic_VR_Video_Reel_720p192K_Tex_Mat, compiling. 
[2015.09.24-04.32.39:773][795]LogMaterial: 0.000295 seconds spent updating 1 materials, 1 interfaces, 0 instances, 0 with static permutations.
[2015.09.24-04.32.41:417][795]LogSavePackage: Save=10.209007ms
[2015.09.24-04.32.41:417][795]LogSavePackage: Moving '../../../../../../Users/sumnerryan/Documents/Unreal Projects/Video360/Saved/360_Labs_2014_Cinematic_VR_Video_Reel_720p192K_Tex_MatE958CC954647D4845644498FD7277919.tmp' to '../../../../../../Users/sumnerryan/Documents/Unreal Projects/Video360/Content/360_Labs_2014_Cinematic_VR_Video_Reel_720p192K_Tex_Mat.uasset'
[2015.09.24-04.32.41:419][795]LogSavePackage: Total save time: 15.106771ms
[2015.09.24-04.32.41:419][795]LogSavePackage:Warning: Finished SavePackage ../../../../../../Users/sumnerryan/Documents/Unreal Projects/Video360/Content/360_Labs_2014_Cinematic_VR_Video_Reel_720p192K_Tex_Mat.uasset
[2015.09.24-04.32.41:423][795]MaterialEditorStats: Info Base pass shader with only dynamic lighting: 65 instructions
[2015.09.24-04.32.41:423][795]MaterialEditorStats: Info Vertex shader: 33 instructions
[2015.09.24-04.32.41:423][795]MaterialEditorStats: Info Texture samplers: 4/16
[2015.09.24-04.32.50:655][445]LogMaterial: Missing cached shader map for material PreviewMaterial_1, compiling. 
[2015.09.24-04.32.50:661][445]LogMaterial: 0.000068 seconds spent updating 1 materials, 1 interfaces, 0 instances, 0 with static permutations.
[2015.09.24-04.32.51:360][481]MaterialEditorStats: Info Base pass shader with only dynamic lighting: 39 instructions
[2015.09.24-04.32.51:360][481]MaterialEditorStats: Info Vertex shader: 33 instructions
[2015.09.24-04.32.51:360][481]MaterialEditorStats: Info Texture samplers: 1/16
[2015.09.24-04.32.52:485][552]LogMaterialEditor: Saving and Compiling material 360_Labs_2014_Cinematic_VR_Video_Reel_720p192K_Tex_Mat
[2015.09.24-04.32.53:020][552]LogMaterial: Missing cached shader map for material PreviewMaterial_1, compiling. 
[2015.09.24-04.32.53:040][552]LogMaterial: 0.000076 seconds spent updating 1 materials, 1 interfaces, 0 instances, 0 with static permutations.
[2015.09.24-04.32.53:052][552]LogMaterial: Missing cached shader map for material 360_Labs_2014_Cinematic_VR_Video_Reel_720p192K_Tex_Mat, compiling. 
[2015.09.24-04.32.53:073][552]LogMaterial: Missing cached shader map for material 360_Labs_2014_Cinematic_VR_Video_Reel_720p192K_Tex_Mat, compiling. 
[2015.09.24-04.32.53:081][552]LogMaterial: 0.000291 seconds spent updating 1 materials, 1 interfaces, 0 instances, 0 with static permutations.
[2015.09.24-04.32.54:668][552]LogSavePackage: Save=10.222203ms
[2015.09.24-04.32.54:668][552]LogSavePackage: Moving '../../../../../../Users/sumnerryan/Documents/Unreal Projects/Video360/Saved/360_Labs_2014_Cinematic_VR_Video_Reel_720p192K_Tex_MatC1AB1B964804A11785D04F987010A875.tmp' to '../../../../../../Users/sumnerryan/Documents/Unreal Projects/Video360/Content/360_Labs_2014_Cinematic_VR_Video_Reel_720p192K_Tex_Mat.uasset'
[2015.09.24-04.32.54:670][552]LogSavePackage: Total save time: 14.519405ms
[2015.09.24-04.32.54:670][552]LogSavePackage:Warning: Finished SavePackage ../../../../../../Users/sumnerryan/Documents/Unreal Projects/Video360/Content/360_Labs_2014_Cinematic_VR_Video_Reel_720p192K_Tex_Mat.uasset
[2015.09.24-04.32.54:682][552]MaterialEditorStats: Info Base pass shader with only dynamic lighting: 65 instructions
[2015.09.24-04.32.54:682][552]MaterialEditorStats: Info Vertex shader: 33 instructions
[2015.09.24-04.32.54:682][552]MaterialEditorStats: Info Texture samplers: 4/16
[2015.09.24-04.33.15:763][929]LogMaterial: Missing cached shader map for material PreviewMaterial_1, compiling. 
[2015.09.24-04.33.15:768][929]LogMaterial: 0.000059 seconds spent updating 1 materials, 1 interfaces, 0 instances, 0 with static permutations.
[2015.09.24-04.33.15:794][929]LogMaterial: Missing cached shader map for material FMatExpressionPreview MaterialExpressionTextureSample_0, compiling. 
[2015.09.24-04.33.16:799][984]MaterialEditorStats: Info Base pass shader with only dynamic lighting: 39 instructions
[2015.09.24-04.33.16:799][984]MaterialEditorStats: Info Vertex shader: 33 instructions
[2015.09.24-04.33.16:799][984]MaterialEditorStats: Info Texture samplers: 1/16
[2015.09.24-04.33.21:326][280]LogMaterialEditor: Saving and Compiling material 360_Labs_2014_Cinematic_VR_Video_Reel_720p192K_Tex_Mat
[2015.09.24-04.33.21:865][280]LogMaterial: Missing cached shader map for material PreviewMaterial_1, compiling. 
[2015.09.24-04.33.21:885][280]LogMaterial: 0.000059 seconds spent updating 1 materials, 1 interfaces, 0 instances, 0 with static permutations.
[2015.09.24-04.33.21:898][280]LogMaterial: Missing cached shader map for material 360_Labs_2014_Cinematic_VR_Video_Reel_720p192K_Tex_Mat, compiling. 
[2015.09.24-04.33.21:919][280]LogMaterial: Missing cached shader map for material 360_Labs_2014_Cinematic_VR_Video_Reel_720p192K_Tex_Mat, compiling. 
[2015.09.24-04.33.21:931][280]LogMaterial: 0.000395 seconds spent updating 1 materials, 1 interfaces, 0 instances, 0 with static permutations.
[2015.09.24-04.33.23:551][280]LogSavePackage: Save=10.092296ms
[2015.09.24-04.33.23:551][280]LogSavePackage: Moving '../../../../../../Users/sumnerryan/Documents/Unreal Projects/Video360/Saved/360_Labs_2014_Cinematic_VR_Video_Reel_720p192K_Tex_Mat16AD6B414E0A2B8FAA22AE810648A4D3.tmp' to '../../../../../../Users/sumnerryan/Documents/Unreal Projects/Video360/Content/360_Labs_2014_Cinematic_VR_Video_Reel_720p192K_Tex_Mat.uasset'
[2015.09.24-04.33.23:553][280]LogSavePackage: Total save time: 14.364570ms
[2015.09.24-04.33.23:553][280]LogSavePackage:Warning: Finished SavePackage ../../../../../../Users/sumnerryan/Documents/Unreal Projects/Video360/Content/360_Labs_2014_Cinematic_VR_Video_Reel_720p192K_Tex_Mat.uasset
[2015.09.24-04.33.23:557][280]MaterialEditorStats: Info Base pass shader with only dynamic lighting: 65 instructions
[2015.09.24-04.33.23:557][280]MaterialEditorStats: Info Vertex shader: 33 instructions
[2015.09.24-04.33.23:557][280]MaterialEditorStats: Info Texture samplers: 4/16
[2015.09.24-04.33.38:740][198]LogMaterial: Missing cached shader map for material PreviewMaterial_1, compiling. 
[2015.09.24-04.33.38:746][198]LogMaterial: 0.000045 seconds spent updating 1 materials, 1 interfaces, 0 instances, 0 with static permutations.
[2015.09.24-04.33.38:772][198]LogMaterial: Missing cached shader map for material FMatExpressionPreview MaterialExpressionTextureSample_0, compiling. 
[2015.09.24-04.33.39:492][230]MaterialEditorStats: Info Base pass shader with only dynamic lighting: 39 instructions
[2015.09.24-04.33.39:492][230]MaterialEditorStats: Info Vertex shader: 33 instructions
[2015.09.24-04.33.39:492][230]MaterialEditorStats: Info Texture samplers: 1/16
[2015.09.24-04.33.42:029][399]LogMaterial: Missing cached shader map for material PreviewMaterial_1, compiling. 
[2015.09.24-04.33.42:034][399]LogMaterial: 0.000069 seconds spent updating 1 materials, 1 interfaces, 0 instances, 0 with static permutations.
[2015.09.24-04.33.42:753][436]MaterialEditorStats: Info Base pass shader with only dynamic lighting: 39 instructions
[2015.09.24-04.33.42:753][436]MaterialEditorStats: Info Vertex shader: 33 instructions
[2015.09.24-04.33.42:753][436]MaterialEditorStats: Info Texture samplers: 1/16
[2015.09.24-04.33.44:296][533]LogMaterialEditor: Saving and Compiling material 360_Labs_2014_Cinematic_VR_Video_Reel_720p192K_Tex_Mat
[2015.09.24-04.33.44:839][533]LogMaterial: Missing cached shader map for material PreviewMaterial_1, compiling. 
[2015.09.24-04.33.44:859][533]LogMaterial: 0.000080 seconds spent updating 1 materials, 1 interfaces, 0 instances, 0 with static permutations.
[2015.09.24-04.33.44:871][533]LogMaterial: Missing cached shader map for material 360_Labs_2014_Cinematic_VR_Video_Reel_720p192K_Tex_Mat, compiling. 
[2015.09.24-04.33.44:891][533]LogMaterial: Missing cached shader map for material 360_Labs_2014_Cinematic_VR_Video_Reel_720p192K_Tex_Mat, compiling. 
[2015.09.24-04.33.44:900][533]LogMaterial: 0.002025 seconds spent updating 1 materials, 1 interfaces, 0 instances, 0 with static permutations.
[2015.09.24-04.33.46:514][533]LogSavePackage: Save=10.379382ms
[2015.09.24-04.33.46:514][533]LogSavePackage: Moving '../../../../../../Users/sumnerryan/Documents/Unreal Projects/Video360/Saved/360_Labs_2014_Cinematic_VR_Video_Reel_720p192K_Tex_Mat26C231C2439DBD9EC9C05E8D5478BBA4.tmp' to '../../../../../../Users/sumnerryan/Documents/Unreal Projects/Video360/Content/360_Labs_2014_Cinematic_VR_Video_Reel_720p192K_Tex_Mat.uasset'
[2015.09.24-04.33.46:516][533]LogSavePackage: Total save time: 14.612950ms
[2015.09.24-04.33.46:516][533]LogSavePackage:Warning: Finished SavePackage ../../../../../../Users/sumnerryan/Documents/Unreal Projects/Video360/Content/360_Labs_2014_Cinematic_VR_Video_Reel_720p192K_Tex_Mat.uasset
[2015.09.24-04.33.46:519][533]MaterialEditorStats: Info Base pass shader with only dynamic lighting: 65 instructions
[2015.09.24-04.33.46:519][533]MaterialEditorStats: Info Vertex shader: 33 instructions
[2015.09.24-04.33.46:519][533]MaterialEditorStats: Info Texture samplers: 4/16
[2015.09.24-04.33.50:488][805]LogEditorViewport: Clicking on Actor (LMB): Skydome_C (Skydome)
[2015.09.24-04.33.52:023][908]LogBlueprintUserMessages: Early PlayInEditor Detection: Level '/Game/StarterContent/Maps/Minimal_Default.Minimal_Default:PersistentLevel' has LevelScriptBlueprint '/Game/StarterContent/Maps/Minimal_Default.Minimal_Default:PersistentLevel.Minimal_Default' with GeneratedClass '/Game/StarterContent/Maps/Minimal_Default.Minimal_Default_C' with ClassGeneratedBy '/Game/StarterContent/Maps/Minimal_Default.Minimal_Default:PersistentLevel.Minimal_Default'
[2015.09.24-04.33.52:023][908]LogPlayLevel: PlayLevel: No blueprints needed recompiling
[2015.09.24-04.33.52:023][908]PIE: New page: PIE session: Minimal_Default (25 Sep 2015 4:33:52 am)
[2015.09.24-04.33.52:023][908]LogPlayLevel: Creating play world package: /Game/StarterContent/Maps/UEDPIE_0_Minimal_Default
[2015.09.24-04.33.52:024][908]LogPlayLevel: PIE: StaticDuplicateObject took: (0.001267s)
[2015.09.24-04.33.52:025][908]LogAIModule: Creating AISystem for world Minimal_Default
[2015.09.24-04.33.52:025][908]LogPlayLevel: PIE: World Init took: (0.000729s)
[2015.09.24-04.33.52:025][908]LogPlayLevel: PIE: Created PIE world by copying editor world from /Game/StarterContent/Maps/Minimal_Default.Minimal_Default to /Game/StarterContent/Maps/UEDPIE_0_Minimal_Default.Minimal_Default (0.002207s)
[2015.09.24-04.33.52:048][908]LogInit: XAudio2 using 'Speakers / Headphones (Realtek High Definition Audio)' : 2 channels at 48 kHz using 32 bits per sample (channel mask 0x3)
[2015.09.24-04.33.52:057][908]LogInit: FAudioDevice initialized.
[2015.09.24-04.33.52:086][908]LogWorld: Game class is 'GameMode'
[2015.09.24-04.33.52:088][908]LogWorld: Bringing World /Game/StarterContent/Maps/UEDPIE_0_Minimal_Default.Minimal_Default up for play (max tick rate 0) at 2015.09.24-16.33.52
[2015.09.24-04.33.52:088][908]LogActor:Warning: GameSession /Game/StarterContent/Maps/UEDPIE_0_Minimal_Default.Minimal_Default:PersistentLevel.GameSession_4 has natively added scene component(s), but none of them were set as the actor's RootComponent - picking one arbitrarily
[2015.09.24-04.33.52:088][908]LogActor:Warning: GameNetworkManager /Game/StarterContent/Maps/UEDPIE_0_Minimal_Default.Minimal_Default:PersistentLevel.GameNetworkManager_4 has natively added scene component(s), but none of them were set as the actor's RootComponent - picking one arbitrarily
[2015.09.24-04.33.52:088][908]LogWorld: Bringing up level for play took: 0.001291
[2015.09.24-04.33.52:090][908]PIE: Info Play in editor start time for /Game/StarterContent/Maps/UEDPIE_0_Minimal_Default -0.308
[2015.09.24-04.33.52:090][908]LogBlueprintUserMessages: Late PlayInEditor Detection: Level '/Game/StarterContent/Maps/Minimal_Default.Minimal_Default:PersistentLevel' has LevelScriptBlueprint '/Game/StarterContent/Maps/Minimal_Default.Minimal_Default:PersistentLevel.Minimal_Default' with GeneratedClass '/Game/StarterContent/Maps/Minimal_Default.Minimal_Default_C' with ClassGeneratedBy '/Game/StarterContent/Maps/Minimal_Default.Minimal_Default:PersistentLevel.Minimal_Default'
[2015.09.24-04.34.04:587][829]LogBlueprintUserMessages: Early EndPlayMap Detection: Level '/Game/StarterContent/Maps/Minimal_Default.Minimal_Default:PersistentLevel' has LevelScriptBlueprint '/Game/StarterContent/Maps/Minimal_Default.Minimal_Default:PersistentLevel.Minimal_Default' with GeneratedClass '/Game/StarterContent/Maps/Minimal_Default.Minimal_Default_C' with ClassGeneratedBy '/Game/StarterContent/Maps/Minimal_Default.Minimal_Default:PersistentLevel.Minimal_Default'
[2015.09.24-04.34.04:624][829]LogBlueprintUserMessages: Late EndPlayMap Detection: Level '/Game/StarterContent/Maps/Minimal_Default.Minimal_Default:PersistentLevel' has LevelScriptBlueprint '/Game/StarterContent/Maps/Minimal_Default.Minimal_Default:PersistentLevel.Minimal_Default' with GeneratedClass '/Game/StarterContent/Maps/Minimal_Default.Minimal_Default_C' with ClassGeneratedBy '/Game/StarterContent/Maps/Minimal_Default.Minimal_Default:PersistentLevel.Minimal_Default'
[2015.09.24-04.34.04:644][829]LogParticles: Destroying 0 GPU particle simulations for FXSystem 0x0000000043A75D00
[2015.09.24-04.34.11:161][317]LogParticles: Destroying 0 GPU particle simulations for FXSystem 0x000000002F0DF920
[2015.09.24-04.34.11:163][317]LogParticles: Destroying 0 GPU particle simulations for FXSystem 0x00000000305C7C40
[2015.09.24-04.34.11:299][317]LogSavePackage: Save=41.045113ms
[2015.09.24-04.34.11:299][317]LogSavePackage: Moving '../../../../../../Users/sumnerryan/Documents/Unreal Projects/Video360/Saved/Minimal_DefaultAB23437E4AD6A0DCB7A0AE95D617C475.tmp' to '../../../../../../Users/sumnerryan/Documents/Unreal Projects/Video360/Content/StarterContent/Maps/Minimal_Default.umap'
[2015.09.24-04.34.11:301][317]LogSavePackage: Total save time: 45.610927ms
[2015.09.24-04.34.11:301][317]LogSavePackage:Warning: Finished SavePackage ../../../../../../Users/sumnerryan/Documents/Unreal Projects/Video360/Content/StarterContent/Maps/Minimal_Default.umap
[2015.09.24-04.34.11:321][317]LogFileHelpers: Saving map 'Minimal_Default' took 0.149
[2015.09.25-01.35.39:020][603]LogBlueprintUserMessages: Early PlayInEditor Detection: Level '/Game/StarterContent/Maps/Minimal_Default.Minimal_Default:PersistentLevel' has LevelScriptBlueprint '/Game/StarterContent/Maps/Minimal_Default.Minimal_Default:PersistentLevel.Minimal_Default' with GeneratedClass '/Game/StarterContent/Maps/Minimal_Default.Minimal_Default_C' with ClassGeneratedBy '/Game/StarterContent/Maps/Minimal_Default.Minimal_Default:PersistentLevel.Minimal_Default'
[2015.09.25-01.35.39:020][603]LogPlayLevel: PlayLevel: No blueprints needed recompiling
[2015.09.25-01.35.39:020][603]PIE: New page: PIE session: Minimal_Default (26 Sep 2015 1:35:39 am)
[2015.09.25-01.35.39:020][603]LogPlayLevel: Creating play world package: /Game/StarterContent/Maps/UEDPIE_0_Minimal_Default
[2015.09.25-01.35.39:022][603]LogPlayLevel: PIE: StaticDuplicateObject took: (0.001421s)
[2015.09.25-01.35.39:023][603]LogAIModule: Creating AISystem for world Minimal_Default
[2015.09.25-01.35.39:023][603]LogPlayLevel: PIE: World Init took: (0.000740s)
[2015.09.25-01.35.39:023][603]LogPlayLevel: PIE: Created PIE world by copying editor world from /Game/StarterContent/Maps/Minimal_Default.Minimal_Default to /Game/StarterContent/Maps/UEDPIE_0_Minimal_Default.Minimal_Default (0.002347s)
[2015.09.25-01.35.39:046][603]LogInit: XAudio2 using 'Speakers / Headphones (Realtek High Definition Audio)' : 2 channels at 48 kHz using 32 bits per sample (channel mask 0x3)
[2015.09.25-01.35.39:056][603]LogInit: FAudioDevice initialized.
[2015.09.25-01.35.39:086][603]LogWorld: Game class is 'GameMode'
[2015.09.25-01.35.39:088][603]LogWorld: Bringing World /Game/StarterContent/Maps/UEDPIE_0_Minimal_Default.Minimal_Default up for play (max tick rate 0) at 2015.09.25-13.35.39
[2015.09.25-01.35.39:088][603]LogActor:Warning: GameSession /Game/StarterContent/Maps/UEDPIE_0_Minimal_Default.Minimal_Default:PersistentLevel.GameSession_5 has natively added scene component(s), but none of them were set as the actor's RootComponent - picking one arbitrarily
[2015.09.25-01.35.39:088][603]LogActor:Warning: GameNetworkManager /Game/StarterContent/Maps/UEDPIE_0_Minimal_Default.Minimal_Default:PersistentLevel.GameNetworkManager_5 has natively added scene component(s), but none of them were set as the actor's RootComponent - picking one arbitrarily
[2015.09.25-01.35.39:088][603]LogWorld: Bringing up level for play took: 0.001507
[2015.09.25-01.35.39:090][603]PIE: Info Play in editor start time for /Game/StarterContent/Maps/UEDPIE_0_Minimal_Default -0.238
[2015.09.25-01.35.39:090][603]LogBlueprintUserMessages: Late PlayInEditor Detection: Level '/Game/StarterContent/Maps/Minimal_Default.Minimal_Default:PersistentLevel' has LevelScriptBlueprint '/Game/StarterContent/Maps/Minimal_Default.Minimal_Default:PersistentLevel.Minimal_Default' with GeneratedClass '/Game/StarterContent/Maps/Minimal_Default.Minimal_Default_C' with ClassGeneratedBy '/Game/StarterContent/Maps/Minimal_Default.Minimal_Default:PersistentLevel.Minimal_Default'
[2015.09.25-01.35.53:543][239]LogBlueprintUserMessages: Early EndPlayMap Detection: Level '/Game/StarterContent/Maps/Minimal_Default.Minimal_Default:PersistentLevel' has LevelScriptBlueprint '/Game/StarterContent/Maps/Minimal_Default.Minimal_Default:PersistentLevel.Minimal_Default' with GeneratedClass '/Game/StarterContent/Maps/Minimal_Default.Minimal_Default_C' with ClassGeneratedBy '/Game/StarterContent/Maps/Minimal_Default.Minimal_Default:PersistentLevel.Minimal_Default'
[2015.09.25-